{"/home/travis/build/npmtest/node-npmtest-clamscan/test.js":{"path":"/home/travis/build/npmtest/node-npmtest-clamscan/test.js","s":{"1":2,"2":2,"3":2,"4":2,"5":2,"6":2,"7":2,"8":1,"9":2,"10":2,"11":1,"12":1,"13":1,"14":1,"15":2,"16":2,"17":2,"18":2,"19":1,"20":1,"21":2,"22":2,"23":2,"24":1,"25":1,"26":1,"27":1,"28":1,"29":1,"30":1,"31":1,"32":1,"33":1,"34":1,"35":1,"36":1,"37":1,"38":1,"39":2,"40":2,"41":1,"42":2,"43":2,"44":1,"45":2,"46":2,"47":1,"48":2,"49":2,"50":1,"51":1,"52":1,"53":1,"54":1},"b":{"1":[2,1,1,1],"2":[1,1,1,1],"3":[1,1],"4":[1,1],"5":[1,1],"6":[1,1],"7":[1,1],"8":[1,1],"9":[1,1],"10":[1,1,1],"11":[1,1],"12":[1,1],"13":[1,1],"14":[1,1],"15":[1,1],"16":[1,1],"17":[1,1]},"f":{"1":2,"2":2,"3":2,"4":2,"5":2,"6":1,"7":1,"8":1,"9":2,"10":2,"11":2,"12":2,"13":1},"fnMap":{"1":{"name":"(anonymous_1)","line":12,"loc":{"start":{"line":12,"column":1},"end":{"line":12,"column":13}}},"2":{"name":"(anonymous_2)","line":19,"loc":{"start":{"line":19,"column":5},"end":{"line":19,"column":17}}},"3":{"name":"(anonymous_3)","line":23,"loc":{"start":{"line":23,"column":24},"end":{"line":23,"column":36}}},"4":{"name":"(anonymous_4)","line":61,"loc":{"start":{"line":61,"column":5},"end":{"line":61,"column":17}}},"5":{"name":"(anonymous_5)","line":82,"loc":{"start":{"line":82,"column":5},"end":{"line":82,"column":17}}},"6":{"name":"(anonymous_6)","line":91,"loc":{"start":{"line":91,"column":77},"end":{"line":94,"column":10}}},"7":{"name":"(anonymous_7)","line":112,"loc":{"start":{"line":112,"column":83},"end":{"line":115,"column":10}},"skip":true},"8":{"name":"(anonymous_8)","line":123,"loc":{"start":{"line":123,"column":77},"end":{"line":126,"column":10}},"skip":true},"9":{"name":"(anonymous_9)","line":139,"loc":{"start":{"line":139,"column":12},"end":{"line":139,"column":40}},"skip":true},"10":{"name":"(anonymous_10)","line":147,"loc":{"start":{"line":147,"column":77},"end":{"line":150,"column":10}},"skip":true},"11":{"name":"(anonymous_11)","line":158,"loc":{"start":{"line":158,"column":83},"end":{"line":161,"column":10}},"skip":true},"12":{"name":"(anonymous_12)","line":169,"loc":{"start":{"line":169,"column":79},"end":{"line":172,"column":10}},"skip":true},"13":{"name":"(anonymous_13)","line":180,"loc":{"start":{"line":180,"column":75},"end":{"line":183,"column":10}},"skip":true}},"statementMap":{"1":{"start":{"line":12,"column":0},"end":{"line":195,"column":5}},"2":{"start":{"line":14,"column":4},"end":{"line":14,"column":14}},"3":{"start":{"line":19,"column":4},"end":{"line":56,"column":9}},"4":{"start":{"line":21,"column":8},"end":{"line":21,"column":19}},"5":{"start":{"line":23,"column":8},"end":{"line":35,"column":13}},"6":{"start":{"line":24,"column":12},"end":{"line":34,"column":13}},"7":{"start":{"line":25,"column":16},"end":{"line":28,"column":30}},"8":{"start":{"line":30,"column":16},"end":{"line":33,"column":27}},"9":{"start":{"line":37,"column":8},"end":{"line":39,"column":21}},"10":{"start":{"line":40,"column":8},"end":{"line":53,"column":9}},"11":{"start":{"line":43,"column":12},"end":{"line":46,"column":14}},"12":{"start":{"line":47,"column":12},"end":{"line":47,"column":18}},"13":{"start":{"line":50,"column":12},"end":{"line":51,"column":46}},"14":{"start":{"line":52,"column":12},"end":{"line":52,"column":18}},"15":{"start":{"line":55,"column":8},"end":{"line":55,"column":35}},"16":{"start":{"line":61,"column":4},"end":{"line":63,"column":9}},"17":{"start":{"line":62,"column":8},"end":{"line":62,"column":15}},"18":{"start":{"line":64,"column":4},"end":{"line":77,"column":5}},"19":{"start":{"line":70,"column":8},"end":{"line":70,"column":14}},"20":{"start":{"line":76,"column":8},"end":{"line":76,"column":14}},"21":{"start":{"line":82,"column":4},"end":{"line":84,"column":9}},"22":{"start":{"line":83,"column":8},"end":{"line":83,"column":15}},"23":{"start":{"line":85,"column":4},"end":{"line":194,"column":5}},"24":{"start":{"line":91,"column":8},"end":{"line":99,"column":10}},"25":{"start":{"line":98,"column":12},"end":{"line":98,"column":35}},"26":{"start":{"line":102,"column":8},"end":{"line":104,"column":63}},"27":{"start":{"line":105,"column":8},"end":{"line":105,"column":14}},"28":{"start":{"line":112,"column":8},"end":{"line":121,"column":10},"skip":true},"29":{"start":{"line":119,"column":12},"end":{"line":119,"column":55},"skip":true},"30":{"start":{"line":120,"column":12},"end":{"line":120,"column":48},"skip":true},"31":{"start":{"line":123,"column":8},"end":{"line":136,"column":10},"skip":true},"32":{"start":{"line":130,"column":12},"end":{"line":130,"column":76},"skip":true},"33":{"start":{"line":131,"column":12},"end":{"line":131,"column":73},"skip":true},"34":{"start":{"line":132,"column":12},"end":{"line":132,"column":74},"skip":true},"35":{"start":{"line":133,"column":12},"end":{"line":133,"column":79},"skip":true},"36":{"start":{"line":134,"column":12},"end":{"line":134,"column":25},"skip":true},"37":{"start":{"line":135,"column":12},"end":{"line":135,"column":45},"skip":true},"38":{"start":{"line":138,"column":8},"end":{"line":145,"column":14},"skip":true},"39":{"start":{"line":143,"column":16},"end":{"line":143,"column":29},"skip":true},"40":{"start":{"line":144,"column":16},"end":{"line":144,"column":55},"skip":true},"41":{"start":{"line":147,"column":8},"end":{"line":156,"column":10},"skip":true},"42":{"start":{"line":154,"column":12},"end":{"line":154,"column":25},"skip":true},"43":{"start":{"line":155,"column":12},"end":{"line":155,"column":45},"skip":true},"44":{"start":{"line":158,"column":8},"end":{"line":167,"column":10},"skip":true},"45":{"start":{"line":165,"column":12},"end":{"line":165,"column":25},"skip":true},"46":{"start":{"line":166,"column":12},"end":{"line":166,"column":48},"skip":true},"47":{"start":{"line":169,"column":8},"end":{"line":178,"column":10},"skip":true},"48":{"start":{"line":176,"column":12},"end":{"line":176,"column":25},"skip":true},"49":{"start":{"line":177,"column":12},"end":{"line":177,"column":46},"skip":true},"50":{"start":{"line":180,"column":8},"end":{"line":189,"column":10},"skip":true},"51":{"start":{"line":187,"column":12},"end":{"line":187,"column":94},"skip":true},"52":{"start":{"line":188,"column":12},"end":{"line":188,"column":48},"skip":true},"53":{"start":{"line":192,"column":8},"end":{"line":192,"column":35},"skip":true},"54":{"start":{"line":193,"column":8},"end":{"line":193,"column":14},"skip":true}},"branchMap":{"1":{"line":25,"type":"binary-expr","locations":[{"start":{"line":25,"column":23},"end":{"line":25,"column":62}},{"start":{"line":26,"column":20},"end":{"line":26,"column":70}},{"start":{"line":27,"column":20},"end":{"line":27,"column":71}},{"start":{"line":28,"column":20},"end":{"line":28,"column":29}}]},"2":{"line":30,"type":"binary-expr","locations":[{"start":{"line":30,"column":23},"end":{"line":30,"column":37}},{"start":{"line":31,"column":20},"end":{"line":31,"column":61}},{"start":{"line":32,"column":20},"end":{"line":32,"column":70}},{"start":{"line":33,"column":20},"end":{"line":33,"column":26}}]},"3":{"line":37,"type":"cond-expr","locations":[{"start":{"line":38,"column":14},"end":{"line":38,"column":20}},{"start":{"line":39,"column":14},"end":{"line":39,"column":20}}]},"4":{"line":40,"type":"switch","locations":[{"start":{"line":42,"column":8},"end":{"line":47,"column":18}},{"start":{"line":49,"column":8},"end":{"line":52,"column":18}}]},"5":{"line":44,"type":"binary-expr","locations":[{"start":{"line":44,"column":16},"end":{"line":44,"column":44}},{"start":{"line":44,"column":48},"end":{"line":44,"column":66}}]},"6":{"line":50,"type":"binary-expr","locations":[{"start":{"line":50,"column":21},"end":{"line":50,"column":49}},{"start":{"line":50,"column":53},"end":{"line":50,"column":72}}]},"7":{"line":64,"type":"switch","locations":[{"start":{"line":69,"column":4},"end":{"line":70,"column":14}},{"start":{"line":75,"column":4},"end":{"line":76,"column":14}}]},"8":{"line":85,"type":"switch","locations":[{"start":{"line":90,"column":4},"end":{"line":105,"column":14}},{"start":{"line":111,"column":4},"end":{"line":193,"column":14},"skip":true}]},"9":{"line":91,"type":"binary-expr","locations":[{"start":{"line":91,"column":42},"end":{"line":91,"column":73}},{"start":{"line":91,"column":77},"end":{"line":99,"column":9}}]},"10":{"line":102,"type":"binary-expr","locations":[{"start":{"line":102,"column":18},"end":{"line":102,"column":32}},{"start":{"line":103,"column":12},"end":{"line":103,"column":53}},{"start":{"line":104,"column":12},"end":{"line":104,"column":61}}]},"11":{"line":112,"type":"binary-expr","locations":[{"start":{"line":112,"column":45},"end":{"line":112,"column":79},"skip":true},{"start":{"line":112,"column":83},"end":{"line":121,"column":9},"skip":true}]},"12":{"line":123,"type":"binary-expr","locations":[{"start":{"line":123,"column":42},"end":{"line":123,"column":73},"skip":true},{"start":{"line":123,"column":77},"end":{"line":136,"column":9},"skip":true}]},"13":{"line":138,"type":"binary-expr","locations":[{"start":{"line":138,"column":48},"end":{"line":138,"column":85},"skip":true},{"start":{"line":139,"column":12},"end":{"line":145,"column":13},"skip":true}]},"14":{"line":147,"type":"binary-expr","locations":[{"start":{"line":147,"column":42},"end":{"line":147,"column":73},"skip":true},{"start":{"line":147,"column":77},"end":{"line":156,"column":9},"skip":true}]},"15":{"line":158,"type":"binary-expr","locations":[{"start":{"line":158,"column":45},"end":{"line":158,"column":79},"skip":true},{"start":{"line":158,"column":83},"end":{"line":167,"column":9},"skip":true}]},"16":{"line":169,"type":"binary-expr","locations":[{"start":{"line":169,"column":43},"end":{"line":169,"column":75},"skip":true},{"start":{"line":169,"column":79},"end":{"line":178,"column":9},"skip":true}]},"17":{"line":180,"type":"binary-expr","locations":[{"start":{"line":180,"column":41},"end":{"line":180,"column":71},"skip":true},{"start":{"line":180,"column":75},"end":{"line":189,"column":9},"skip":true}]}},"code":["/* istanbul instrument in package npmtest_clamscan */","/*jslint","    bitwise: true,","    browser: true,","    maxerr: 8,","    maxlen: 96,","    node: true,","    nomen: true,","    regexp: true,","    stupid: true","*/","(function () {","    'use strict';","    var local;","","","","    // run shared js-env code - pre-init","    (function () {","        // init local","        local = {};","        // init modeJs","        local.modeJs = (function () {","            try {","                return typeof navigator.userAgent === 'string' &&","                    typeof document.querySelector('body') === 'object' &&","                    typeof XMLHttpRequest.prototype.open === 'function' &&","                    'browser';","            } catch (errorCaughtBrowser) {","                return module.exports &&","                    typeof process.versions.node === 'string' &&","                    typeof require('http').createServer === 'function' &&","                    'node';","            }","        }());","        // init global","        local.global = local.modeJs === 'browser'","            ? window","            : global;","        switch (local.modeJs) {","        // re-init local from window.local","        case 'browser':","            local = local.global.utility2.objectSetDefault(","                local.global.utility2_rollup || local.global.local,","                local.global.utility2","            );","            break;","        // re-init local from example.js","        case 'node':","            local = (local.global.utility2_rollup || require('utility2'))","                .requireExampleJsFromReadme();","            break;","        }","        // export local","        local.global.local = local;","    }());","","","","    // run shared js-env code - function","    (function () {","        return;","    }());","    switch (local.modeJs) {","","","","    // run browser js-env code - function","    case 'browser':","        break;","","","","    // run node js-env code - function","    case 'node':","        break;","    }","","","","    // run shared js-env code - post-init","    (function () {","        return;","    }());","    switch (local.modeJs) {","","","","    // run browser js-env code - post-init","    case 'browser':","        local.testCase_browser_nullCase = local.testCase_browser_nullCase || function (","            options,","            onError","        ) {","        /*","         * this function will test browsers's null-case handling-behavior-behavior","         */","            onError(null, options);","        };","","        // run tests","        local.nop(local.modeTest &&","            document.querySelector('#testRunButton1') &&","            document.querySelector('#testRunButton1').click());","        break;","","","","    // run node js-env code - post-init","    /* istanbul ignore next */","    case 'node':","        local.testCase_buildApidoc_default = local.testCase_buildApidoc_default || function (","            options,","            onError","        ) {","        /*","         * this function will test buildApidoc's default handling-behavior-behavior","         */","            options = { modulePathList: module.paths };","            local.buildApidoc(options, onError);","        };","","        local.testCase_buildApp_default = local.testCase_buildApp_default || function (","            options,","            onError","        ) {","        /*","         * this function will test buildApp's default handling-behavior-behavior","         */","            local.testCase_buildReadme_default(options, local.onErrorThrow);","            local.testCase_buildLib_default(options, local.onErrorThrow);","            local.testCase_buildTest_default(options, local.onErrorThrow);","            local.testCase_buildCustomOrg_default(options, local.onErrorThrow);","            options = [];","            local.buildApp(options, onError);","        };","","        local.testCase_buildCustomOrg_default = local.testCase_buildCustomOrg_default ||","            function (options, onError) {","            /*","             * this function will test buildCustomOrg's default handling-behavior","             */","                options = {};","                local.buildCustomOrg(options, onError);","            };","","        local.testCase_buildLib_default = local.testCase_buildLib_default || function (","            options,","            onError","        ) {","        /*","         * this function will test buildLib's default handling-behavior","         */","            options = {};","            local.buildLib(options, onError);","        };","","        local.testCase_buildReadme_default = local.testCase_buildReadme_default || function (","            options,","            onError","        ) {","        /*","         * this function will test buildReadme's default handling-behavior-behavior","         */","            options = {};","            local.buildReadme(options, onError);","        };","","        local.testCase_buildTest_default = local.testCase_buildTest_default || function (","            options,","            onError","        ) {","        /*","         * this function will test buildTest's default handling-behavior","         */","            options = {};","            local.buildTest(options, onError);","        };","","        local.testCase_webpage_default = local.testCase_webpage_default || function (","            options,","            onError","        ) {","        /*","         * this function will test webpage's default handling-behavior","         */","            options = { modeCoverageMerge: true, url: local.serverLocalHost + '?modeTest=1' };","            local.browserTest(options, onError);","        };","","        // run test-server","        local.testRunServer(local);","        break;","    }","}());",""],"l":{"12":2,"14":2,"19":2,"21":2,"23":2,"24":2,"25":2,"30":1,"37":2,"40":2,"43":1,"47":1,"50":1,"52":1,"55":2,"61":2,"62":2,"64":2,"70":1,"76":1,"82":2,"83":2,"85":2,"91":1,"98":1,"102":1,"105":1,"112":1,"119":1,"120":1,"123":1,"130":1,"131":1,"132":1,"133":1,"134":1,"135":1,"138":1,"143":2,"144":2,"147":1,"154":2,"155":2,"158":1,"165":2,"166":2,"169":1,"176":2,"177":2,"180":1,"187":1,"188":1,"192":1,"193":1}},"/home/travis/build/npmtest/node-npmtest-clamscan/lib.npmtest_clamscan.js":{"path":"/home/travis/build/npmtest/node-npmtest-clamscan/lib.npmtest_clamscan.js","s":{"1":2,"2":2,"3":2,"4":2,"5":2,"6":2,"7":2,"8":1,"9":2,"10":2,"11":2,"12":2,"13":1,"14":1,"15":1,"16":1},"b":{"1":[2,1,1,1],"2":[1,1,1,1],"3":[1,1],"4":[2,2],"5":[1,1]},"f":{"1":2,"2":2,"3":2},"fnMap":{"1":{"name":"(anonymous_1)","line":12,"loc":{"start":{"line":12,"column":1},"end":{"line":12,"column":13}}},"2":{"name":"(anonymous_2)","line":19,"loc":{"start":{"line":19,"column":5},"end":{"line":19,"column":17}}},"3":{"name":"(anonymous_3)","line":23,"loc":{"start":{"line":23,"column":24},"end":{"line":23,"column":36}}}},"statementMap":{"1":{"start":{"line":12,"column":0},"end":{"line":53,"column":5}},"2":{"start":{"line":14,"column":4},"end":{"line":14,"column":14}},"3":{"start":{"line":19,"column":4},"end":{"line":52,"column":9}},"4":{"start":{"line":21,"column":8},"end":{"line":21,"column":19}},"5":{"start":{"line":23,"column":8},"end":{"line":35,"column":13}},"6":{"start":{"line":24,"column":12},"end":{"line":34,"column":13}},"7":{"start":{"line":25,"column":16},"end":{"line":28,"column":30}},"8":{"start":{"line":30,"column":16},"end":{"line":33,"column":27}},"9":{"start":{"line":37,"column":8},"end":{"line":39,"column":21}},"10":{"start":{"line":41,"column":8},"end":{"line":41,"column":54}},"11":{"start":{"line":43,"column":8},"end":{"line":43,"column":53}},"12":{"start":{"line":45,"column":8},"end":{"line":51,"column":9}},"13":{"start":{"line":46,"column":12},"end":{"line":46,"column":59}},"14":{"start":{"line":48,"column":12},"end":{"line":48,"column":35}},"15":{"start":{"line":49,"column":12},"end":{"line":49,"column":49}},"16":{"start":{"line":50,"column":12},"end":{"line":50,"column":43}}},"branchMap":{"1":{"line":25,"type":"binary-expr","locations":[{"start":{"line":25,"column":23},"end":{"line":25,"column":62}},{"start":{"line":26,"column":20},"end":{"line":26,"column":70}},{"start":{"line":27,"column":20},"end":{"line":27,"column":71}},{"start":{"line":28,"column":20},"end":{"line":28,"column":29}}]},"2":{"line":30,"type":"binary-expr","locations":[{"start":{"line":30,"column":23},"end":{"line":30,"column":37}},{"start":{"line":31,"column":20},"end":{"line":31,"column":61}},{"start":{"line":32,"column":20},"end":{"line":32,"column":70}},{"start":{"line":33,"column":20},"end":{"line":33,"column":26}}]},"3":{"line":37,"type":"cond-expr","locations":[{"start":{"line":38,"column":14},"end":{"line":38,"column":20}},{"start":{"line":39,"column":14},"end":{"line":39,"column":20}}]},"4":{"line":41,"type":"binary-expr","locations":[{"start":{"line":41,"column":16},"end":{"line":41,"column":44}},{"start":{"line":41,"column":48},"end":{"line":41,"column":53}}]},"5":{"line":45,"type":"if","locations":[{"start":{"line":45,"column":8},"end":{"line":45,"column":8}},{"start":{"line":45,"column":8},"end":{"line":45,"column":8}}]}},"code":["/* istanbul instrument in package npmtest_clamscan */","/*jslint","    bitwise: true,","    browser: true,","    maxerr: 8,","    maxlen: 96,","    node: true,","    nomen: true,","    regexp: true,","    stupid: true","*/","(function () {","    'use strict';","    var local;","","","","    // run shared js-env code - pre-init","    (function () {","        // init local","        local = {};","        // init modeJs","        local.modeJs = (function () {","            try {","                return typeof navigator.userAgent === 'string' &&","                    typeof document.querySelector('body') === 'object' &&","                    typeof XMLHttpRequest.prototype.open === 'function' &&","                    'browser';","            } catch (errorCaughtBrowser) {","                return module.exports &&","                    typeof process.versions.node === 'string' &&","                    typeof require('http').createServer === 'function' &&","                    'node';","            }","        }());","        // init global","        local.global = local.modeJs === 'browser'","            ? window","            : global;","        // init utility2_rollup","        local = local.global.utility2_rollup || local;","        // init lib","        local.local = local.npmtest_clamscan = local;","        // init exports","        if (local.modeJs === 'browser') {","            local.global.utility2_npmtest_clamscan = local;","        } else {","            module.exports = local;","            module.exports.__dirname = __dirname;","            module.exports.module = module;","        }","    }());","}());",""],"l":{"12":2,"14":2,"19":2,"21":2,"23":2,"24":2,"25":2,"30":1,"37":2,"41":2,"43":2,"45":2,"46":1,"48":1,"49":1,"50":1}},"/home/travis/build/npmtest/node-npmtest-clamscan/example.js":{"path":"/home/travis/build/npmtest/node-npmtest-clamscan/example.js","s":{"1":2,"2":2,"3":2,"4":2,"5":2,"6":2,"7":2,"8":1,"9":2,"10":2,"11":2,"12":2,"13":1,"14":2,"15":2,"16":2,"17":2,"18":2,"19":0,"20":2,"21":1,"22":1,"23":1,"24":1,"25":1,"26":0,"27":0,"28":1,"29":1,"30":2,"31":0,"32":0,"33":0,"34":1,"35":2,"36":2,"37":3,"38":3,"39":3,"40":3,"41":0,"42":3,"43":3,"44":3,"45":1,"46":3,"47":1,"48":1,"49":1,"50":1,"51":1,"52":1,"53":1,"54":1,"55":1,"56":1,"57":0,"58":1,"59":6,"60":6,"61":1,"62":2,"63":0,"64":2,"65":1,"66":1,"67":0,"68":0,"69":0,"70":0,"71":0,"72":0,"73":0,"74":0,"75":0,"76":0,"77":0,"78":0,"79":0,"80":0,"81":0,"82":0,"83":0},"b":{"1":[2,1,1,1],"2":[1,1,1,1],"3":[1,1],"4":[2,2],"5":[1,1],"6":[1,1],"7":[2,0],"8":[2,1,1,1,1,1],"9":[0,2,0],"10":[1,1],"11":[2,1,1],"12":[1,0],"13":[0,2],"14":[2,0,0,0,0,0,0],"15":[0,3],"16":[3,0],"17":[1,1],"18":[0,1],"19":[1,2,0,2],"20":[1,0],"21":[1,1],"22":[0,0],"23":[0,0],"24":[0,0],"25":[0,0],"26":[0,0],"27":[0,0],"28":[0,0]},"f":{"1":2,"2":2,"3":2,"4":2,"5":2,"6":2,"7":3,"8":3,"9":3,"10":1,"11":6,"12":0},"fnMap":{"1":{"name":"(anonymous_1)","line":26,"loc":{"start":{"line":26,"column":1},"end":{"line":26,"column":13}}},"2":{"name":"(anonymous_2)","line":33,"loc":{"start":{"line":33,"column":5},"end":{"line":33,"column":17}}},"3":{"name":"(anonymous_3)","line":37,"loc":{"start":{"line":37,"column":24},"end":{"line":37,"column":36}}},"4":{"name":"(anonymous_4)","line":69,"loc":{"start":{"line":69,"column":31},"end":{"line":69,"column":48}},"skip":true},"5":{"name":"(anonymous_5)","line":78,"loc":{"start":{"line":78,"column":26},"end":{"line":78,"column":45}},"skip":true},"6":{"name":"(anonymous_6)","line":123,"loc":{"start":{"line":123,"column":33},"end":{"line":123,"column":48}},"skip":true},"7":{"name":"(anonymous_7)","line":125,"loc":{"start":{"line":125,"column":27},"end":{"line":125,"column":39}},"skip":true},"8":{"name":"(anonymous_8)","line":133,"loc":{"start":{"line":133,"column":59},"end":{"line":133,"column":74}},"skip":true},"9":{"name":"(anonymous_9)","line":143,"loc":{"start":{"line":143,"column":45},"end":{"line":143,"column":62}},"skip":true},"10":{"name":"(anonymous_10)","line":144,"loc":{"start":{"line":144,"column":73},"end":{"line":144,"column":92}},"skip":true},"11":{"name":"(anonymous_11)","line":272,"loc":{"start":{"line":272,"column":51},"end":{"line":272,"column":77}},"skip":true},"12":{"name":"(anonymous_12)","line":315,"loc":{"start":{"line":315,"column":32},"end":{"line":315,"column":61}},"skip":true}},"statementMap":{"1":{"start":{"line":26,"column":0},"end":{"line":326,"column":5}},"2":{"start":{"line":28,"column":4},"end":{"line":28,"column":14}},"3":{"start":{"line":33,"column":4},"end":{"line":60,"column":9}},"4":{"start":{"line":35,"column":8},"end":{"line":35,"column":19}},"5":{"start":{"line":37,"column":8},"end":{"line":49,"column":13}},"6":{"start":{"line":38,"column":12},"end":{"line":48,"column":13}},"7":{"start":{"line":39,"column":16},"end":{"line":42,"column":30}},"8":{"start":{"line":44,"column":16},"end":{"line":47,"column":27}},"9":{"start":{"line":51,"column":8},"end":{"line":53,"column":21}},"10":{"start":{"line":55,"column":8},"end":{"line":57,"column":45}},"11":{"start":{"line":59,"column":8},"end":{"line":59,"column":35}},"12":{"start":{"line":61,"column":4},"end":{"line":325,"column":5}},"13":{"start":{"line":69,"column":8},"end":{"line":121,"column":10},"skip":true},"14":{"start":{"line":70,"column":12},"end":{"line":88,"column":13},"skip":true},"15":{"start":{"line":76,"column":16},"end":{"line":87,"column":19},"skip":true},"16":{"start":{"line":79,"column":20},"end":{"line":86,"column":21},"skip":true},"17":{"start":{"line":82,"column":24},"end":{"line":82,"column":43},"skip":true},"18":{"start":{"line":83,"column":24},"end":{"line":83,"column":30},"skip":true},"19":{"start":{"line":85,"column":24},"end":{"line":85,"column":49},"skip":true},"20":{"start":{"line":89,"column":12},"end":{"line":107,"column":13},"skip":true},"21":{"start":{"line":92,"column":16},"end":{"line":102,"column":17},"skip":true},"22":{"start":{"line":93,"column":20},"end":{"line":93,"column":86},"skip":true},"23":{"start":{"line":94,"column":20},"end":{"line":95,"column":45},"skip":true},"24":{"start":{"line":96,"column":20},"end":{"line":96,"column":42},"skip":true},"25":{"start":{"line":97,"column":20},"end":{"line":97,"column":48},"skip":true},"26":{"start":{"line":100,"column":20},"end":{"line":100,"column":85},"skip":true},"27":{"start":{"line":101,"column":20},"end":{"line":101,"column":96},"skip":true},"28":{"start":{"line":103,"column":16},"end":{"line":103,"column":22},"skip":true},"29":{"start":{"line":106,"column":16},"end":{"line":106,"column":22},"skip":true},"30":{"start":{"line":108,"column":12},"end":{"line":120,"column":13},"skip":true},"31":{"start":{"line":114,"column":16},"end":{"line":119,"column":17},"skip":true},"32":{"start":{"line":116,"column":20},"end":{"line":116,"column":78},"skip":true},"33":{"start":{"line":118,"column":20},"end":{"line":118,"column":47},"skip":true},"34":{"start":{"line":123,"column":8},"end":{"line":141,"column":11},"skip":true},"35":{"start":{"line":124,"column":12},"end":{"line":124,"column":54},"skip":true},"36":{"start":{"line":125,"column":12},"end":{"line":140,"column":14},"skip":true},"37":{"start":{"line":126,"column":16},"end":{"line":126,"column":28},"skip":true},"38":{"start":{"line":127,"column":16},"end":{"line":127,"column":69},"skip":true},"39":{"start":{"line":128,"column":16},"end":{"line":128,"column":75},"skip":true},"40":{"start":{"line":129,"column":16},"end":{"line":131,"column":17},"skip":true},"41":{"start":{"line":130,"column":20},"end":{"line":130,"column":27},"skip":true},"42":{"start":{"line":133,"column":16},"end":{"line":137,"column":36},"skip":true},"43":{"start":{"line":134,"column":20},"end":{"line":136,"column":55},"skip":true},"44":{"start":{"line":139,"column":16},"end":{"line":139,"column":57},"skip":true},"45":{"start":{"line":143,"column":8},"end":{"line":147,"column":11},"skip":true},"46":{"start":{"line":144,"column":12},"end":{"line":146,"column":15},"skip":true},"47":{"start":{"line":145,"column":16},"end":{"line":145,"column":70},"skip":true},"48":{"start":{"line":149,"column":8},"end":{"line":149,"column":31},"skip":true},"49":{"start":{"line":150,"column":8},"end":{"line":150,"column":14},"skip":true},"50":{"start":{"line":158,"column":8},"end":{"line":158,"column":31},"skip":true},"51":{"start":{"line":160,"column":8},"end":{"line":160,"column":33},"skip":true},"52":{"start":{"line":161,"column":8},"end":{"line":161,"column":37},"skip":true},"53":{"start":{"line":162,"column":8},"end":{"line":162,"column":35},"skip":true},"54":{"start":{"line":164,"column":8},"end":{"line":164,"column":50},"skip":true},"55":{"start":{"line":166,"column":8},"end":{"line":256,"column":2},"skip":true},"56":{"start":{"line":258,"column":8},"end":{"line":286,"column":9},"skip":true},"57":{"start":{"line":259,"column":12},"end":{"line":269,"column":14},"skip":true},"58":{"start":{"line":271,"column":12},"end":{"line":285,"column":19},"skip":true},"59":{"start":{"line":274,"column":20},"end":{"line":274,"column":35},"skip":true},"60":{"start":{"line":275,"column":20},"end":{"line":284,"column":21},"skip":true},"61":{"start":{"line":277,"column":24},"end":{"line":277,"column":64},"skip":true},"62":{"start":{"line":279,"column":24},"end":{"line":279,"column":40},"skip":true},"63":{"start":{"line":281,"column":24},"end":{"line":281,"column":40},"skip":true},"64":{"start":{"line":283,"column":24},"end":{"line":283,"column":39},"skip":true},"65":{"start":{"line":288,"column":8},"end":{"line":290,"column":9},"skip":true},"66":{"start":{"line":289,"column":12},"end":{"line":289,"column":18},"skip":true},"67":{"start":{"line":291,"column":8},"end":{"line":293,"column":54},"skip":true},"68":{"start":{"line":296,"column":8},"end":{"line":301,"column":37},"skip":true},"69":{"start":{"line":303,"column":8},"end":{"line":303,"column":82},"skip":true},"70":{"start":{"line":306,"column":8},"end":{"line":308,"column":9},"skip":true},"71":{"start":{"line":307,"column":12},"end":{"line":307,"column":82},"skip":true},"72":{"start":{"line":310,"column":8},"end":{"line":312,"column":9},"skip":true},"73":{"start":{"line":311,"column":12},"end":{"line":311,"column":18},"skip":true},"74":{"start":{"line":313,"column":8},"end":{"line":313,"column":54},"skip":true},"75":{"start":{"line":314,"column":8},"end":{"line":314,"column":69},"skip":true},"76":{"start":{"line":315,"column":8},"end":{"line":323,"column":36},"skip":true},"77":{"start":{"line":316,"column":12},"end":{"line":316,"column":61},"skip":true},"78":{"start":{"line":317,"column":12},"end":{"line":320,"column":13},"skip":true},"79":{"start":{"line":318,"column":16},"end":{"line":318,"column":75},"skip":true},"80":{"start":{"line":319,"column":16},"end":{"line":319,"column":23},"skip":true},"81":{"start":{"line":321,"column":12},"end":{"line":321,"column":38},"skip":true},"82":{"start":{"line":322,"column":12},"end":{"line":322,"column":27},"skip":true},"83":{"start":{"line":324,"column":8},"end":{"line":324,"column":14},"skip":true}},"branchMap":{"1":{"line":39,"type":"binary-expr","locations":[{"start":{"line":39,"column":23},"end":{"line":39,"column":62}},{"start":{"line":40,"column":20},"end":{"line":40,"column":70}},{"start":{"line":41,"column":20},"end":{"line":41,"column":71}},{"start":{"line":42,"column":20},"end":{"line":42,"column":29}}]},"2":{"line":44,"type":"binary-expr","locations":[{"start":{"line":44,"column":23},"end":{"line":44,"column":37}},{"start":{"line":45,"column":20},"end":{"line":45,"column":61}},{"start":{"line":46,"column":20},"end":{"line":46,"column":70}},{"start":{"line":47,"column":20},"end":{"line":47,"column":26}}]},"3":{"line":51,"type":"cond-expr","locations":[{"start":{"line":52,"column":14},"end":{"line":52,"column":20}},{"start":{"line":53,"column":14},"end":{"line":53,"column":20}}]},"4":{"line":55,"type":"binary-expr","locations":[{"start":{"line":55,"column":16},"end":{"line":55,"column":44}},{"start":{"line":55,"column":49},"end":{"line":57,"column":43}}]},"5":{"line":55,"type":"cond-expr","locations":[{"start":{"line":56,"column":14},"end":{"line":56,"column":52}},{"start":{"line":57,"column":14},"end":{"line":57,"column":43}}]},"6":{"line":61,"type":"switch","locations":[{"start":{"line":68,"column":4},"end":{"line":150,"column":14},"skip":true},{"start":{"line":156,"column":4},"end":{"line":324,"column":14},"skip":true}]},"7":{"line":70,"type":"if","locations":[{"start":{"line":70,"column":12},"end":{"line":70,"column":12},"skip":true},{"start":{"line":70,"column":12},"end":{"line":70,"column":12},"skip":true}]},"8":{"line":70,"type":"binary-expr","locations":[{"start":{"line":70,"column":16},"end":{"line":70,"column":22},"skip":true},{"start":{"line":70,"column":27},"end":{"line":70,"column":32},"skip":true},{"start":{"line":71,"column":20},"end":{"line":71,"column":39},"skip":true},{"start":{"line":72,"column":20},"end":{"line":72,"column":49},"skip":true},{"start":{"line":73,"column":20},"end":{"line":73,"column":58},"skip":true},{"start":{"line":74,"column":20},"end":{"line":74,"column":69},"skip":true}]},"9":{"line":79,"type":"switch","locations":[{"start":{"line":80,"column":20},"end":{"line":80,"column":33},"skip":true},{"start":{"line":81,"column":20},"end":{"line":83,"column":30},"skip":true},{"start":{"line":84,"column":20},"end":{"line":85,"column":49},"skip":true}]},"10":{"line":89,"type":"switch","locations":[{"start":{"line":90,"column":12},"end":{"line":103,"column":22},"skip":true},{"start":{"line":105,"column":12},"end":{"line":106,"column":22},"skip":true}]},"11":{"line":89,"type":"binary-expr","locations":[{"start":{"line":89,"column":20},"end":{"line":89,"column":25},"skip":true},{"start":{"line":89,"column":29},"end":{"line":89,"column":48},"skip":true},{"start":{"line":89,"column":52},"end":{"line":89,"column":74},"skip":true}]},"12":{"line":92,"type":"if","locations":[{"start":{"line":92,"column":16},"end":{"line":92,"column":16},"skip":true},{"start":{"line":92,"column":16},"end":{"line":92,"column":16},"skip":true}]},"13":{"line":108,"type":"if","locations":[{"start":{"line":108,"column":12},"end":{"line":108,"column":12},"skip":true},{"start":{"line":108,"column":12},"end":{"line":108,"column":12},"skip":true}]},"14":{"line":108,"type":"binary-expr","locations":[{"start":{"line":108,"column":16},"end":{"line":108,"column":61},"skip":true},{"start":{"line":108,"column":66},"end":{"line":108,"column":72},"skip":true},{"start":{"line":108,"column":77},"end":{"line":108,"column":82},"skip":true},{"start":{"line":109,"column":20},"end":{"line":109,"column":39},"skip":true},{"start":{"line":110,"column":20},"end":{"line":110,"column":49},"skip":true},{"start":{"line":111,"column":20},"end":{"line":111,"column":58},"skip":true},{"start":{"line":112,"column":20},"end":{"line":112,"column":68},"skip":true}]},"15":{"line":129,"type":"if","locations":[{"start":{"line":129,"column":16},"end":{"line":129,"column":16},"skip":true},{"start":{"line":129,"column":16},"end":{"line":129,"column":16},"skip":true}]},"16":{"line":134,"type":"cond-expr","locations":[{"start":{"line":135,"column":26},"end":{"line":135,"column":29},"skip":true},{"start":{"line":136,"column":26},"end":{"line":136,"column":54},"skip":true}]},"17":{"line":164,"type":"binary-expr","locations":[{"start":{"line":164,"column":27},"end":{"line":164,"column":43},"skip":true},{"start":{"line":164,"column":47},"end":{"line":164,"column":49},"skip":true}]},"18":{"line":258,"type":"if","locations":[{"start":{"line":258,"column":8},"end":{"line":258,"column":8},"skip":true},{"start":{"line":258,"column":8},"end":{"line":258,"column":8},"skip":true}]},"19":{"line":275,"type":"switch","locations":[{"start":{"line":276,"column":20},"end":{"line":277,"column":64},"skip":true},{"start":{"line":278,"column":20},"end":{"line":279,"column":40},"skip":true},{"start":{"line":280,"column":20},"end":{"line":281,"column":40},"skip":true},{"start":{"line":282,"column":20},"end":{"line":283,"column":39},"skip":true}]},"20":{"line":288,"type":"if","locations":[{"start":{"line":288,"column":8},"end":{"line":288,"column":8},"skip":true},{"start":{"line":288,"column":8},"end":{"line":288,"column":8},"skip":true}]},"21":{"line":288,"type":"binary-expr","locations":[{"start":{"line":288,"column":12},"end":{"line":288,"column":40},"skip":true},{"start":{"line":288,"column":44},"end":{"line":288,"column":67},"skip":true}]},"22":{"line":292,"type":"binary-expr","locations":[{"start":{"line":292,"column":12},"end":{"line":292,"column":50},"skip":true},{"start":{"line":293,"column":12},"end":{"line":293,"column":53},"skip":true}]},"23":{"line":297,"type":"binary-expr","locations":[{"start":{"line":297,"column":12},"end":{"line":297,"column":66},"skip":true},{"start":{"line":298,"column":12},"end":{"line":301,"column":36},"skip":true}]},"24":{"line":303,"type":"binary-expr","locations":[{"start":{"line":303,"column":43},"end":{"line":303,"column":75},"skip":true},{"start":{"line":303,"column":79},"end":{"line":303,"column":81},"skip":true}]},"25":{"line":306,"type":"if","locations":[{"start":{"line":306,"column":8},"end":{"line":306,"column":8},"skip":true},{"start":{"line":306,"column":8},"end":{"line":306,"column":8},"skip":true}]},"26":{"line":310,"type":"if","locations":[{"start":{"line":310,"column":8},"end":{"line":310,"column":8},"skip":true},{"start":{"line":310,"column":8},"end":{"line":310,"column":8},"skip":true}]},"27":{"line":313,"type":"binary-expr","locations":[{"start":{"line":313,"column":27},"end":{"line":313,"column":43},"skip":true},{"start":{"line":313,"column":47},"end":{"line":313,"column":53},"skip":true}]},"28":{"line":317,"type":"if","locations":[{"start":{"line":317,"column":12},"end":{"line":317,"column":12},"skip":true},{"start":{"line":317,"column":12},"end":{"line":317,"column":12},"skip":true}]}},"code":["/*","example.js","","quickstart example","","instruction","    1. save this script as example.js","    2. run the shell command:","        $ npm install npmtest-clamscan && PORT=8081 node example.js","    3. play with the browser-demo on http://127.0.0.1:8081","*/","","","","/* istanbul instrument in package npmtest_clamscan */","/*jslint","    bitwise: true,","    browser: true,","    maxerr: 8,","    maxlen: 96,","    node: true,","    nomen: true,","    regexp: true,","    stupid: true","*/","(function () {","    'use strict';","    var local;","","","","    // run shared js-env code - pre-init","    (function () {","        // init local","        local = {};","        // init modeJs","        local.modeJs = (function () {","            try {","                return typeof navigator.userAgent === 'string' &&","                    typeof document.querySelector('body') === 'object' &&","                    typeof XMLHttpRequest.prototype.open === 'function' &&","                    'browser';","            } catch (errorCaughtBrowser) {","                return module.exports &&","                    typeof process.versions.node === 'string' &&","                    typeof require('http').createServer === 'function' &&","                    'node';","            }","        }());","        // init global","        local.global = local.modeJs === 'browser'","            ? window","            : global;","        // init utility2_rollup","        local = local.global.utility2_rollup || (local.modeJs === 'browser'","            ? local.global.utility2_npmtest_clamscan","            : global.utility2_moduleExports);","        // export local","        local.global.local = local;","    }());","    switch (local.modeJs) {","","","","    // post-init","    // run browser js-env code - post-init","    /* istanbul ignore next */","    case 'browser':","        local.testRunBrowser = function (event) {","            if (!event || (event &&","                    event.currentTarget &&","                    event.currentTarget.className &&","                    event.currentTarget.className.includes &&","                    event.currentTarget.className.includes('onreset'))) {","                // reset output","                Array.from(","                    document.querySelectorAll('body > .resettable')","                ).forEach(function (element) {","                    switch (element.tagName) {","                    case 'INPUT':","                    case 'TEXTAREA':","                        element.value = '';","                        break;","                    default:","                        element.textContent = '';","                    }","                });","            }","            switch (event && event.currentTarget && event.currentTarget.id) {","            case 'testRunButton1':","                // show tests","                if (document.querySelector('#testReportDiv1').style.display === 'none') {","                    document.querySelector('#testReportDiv1').style.display = 'block';","                    document.querySelector('#testRunButton1').textContent =","                        'hide internal test';","                    local.modeTest = true;","                    local.testRunDefault(local);","                // hide tests","                } else {","                    document.querySelector('#testReportDiv1').style.display = 'none';","                    document.querySelector('#testRunButton1').textContent = 'run internal test';","                }","                break;","            // custom-case","            default:","                break;","            }","            if (document.querySelector('#inputTextareaEval1') && (!event || (event &&","                    event.currentTarget &&","                    event.currentTarget.className &&","                    event.currentTarget.className.includes &&","                    event.currentTarget.className.includes('oneval')))) {","                // try to eval input-code","                try {","                    /*jslint evil: true*/","                    eval(document.querySelector('#inputTextareaEval1').value);","                } catch (errorCaught) {","                    console.error(errorCaught);","                }","            }","        };","        // log stderr and stdout to #outputTextareaStdout1","        ['error', 'log'].forEach(function (key) {","            console[key + '_original'] = console[key];","            console[key] = function () {","                var element;","                console[key + '_original'].apply(console, arguments);","                element = document.querySelector('#outputTextareaStdout1');","                if (!element) {","                    return;","                }","                // append text to #outputTextareaStdout1","                element.value += Array.from(arguments).map(function (arg) {","                    return typeof arg === 'string'","                        ? arg","                        : JSON.stringify(arg, null, 4);","                }).join(' ') + '\\n';","                // scroll textarea to bottom","                element.scrollTop = element.scrollHeight;","            };","        });","        // init event-handling","        ['change', 'click', 'keyup'].forEach(function (event) {","            Array.from(document.querySelectorAll('.on' + event)).forEach(function (element) {","                element.addEventListener(event, local.testRunBrowser);","            });","        });","        // run tests","        local.testRunBrowser();","        break;","","","","    // run node js-env code - post-init","    /* istanbul ignore next */","    case 'node':","        // export local","        module.exports = local;","        // require modules","        local.fs = require('fs');","        local.http = require('http');","        local.url = require('url');","        // init assets","        local.assetsDict = local.assetsDict || {};","        /* jslint-ignore-begin */","        local.assetsDict['/assets.index.template.html'] = '\\","<!doctype html>\\n\\","<html lang=\"en\">\\n\\","<head>\\n\\","<meta charset=\"UTF-8\">\\n\\","<meta name=\"viewport\" content=\"width=device-width, initial-scale=1\">\\n\\","<title>{{env.npm_package_name}} (v{{env.npm_package_version}})</title>\\n\\","<style>\\n\\","/*csslint\\n\\","    box-sizing: false,\\n\\","    universal-selector: false\\n\\","*/\\n\\","* {\\n\\","    box-sizing: border-box;\\n\\","}\\n\\","body {\\n\\","    background: #dde;\\n\\","    font-family: Arial, Helvetica, sans-serif;\\n\\","    margin: 2rem;\\n\\","}\\n\\","body > * {\\n\\","    margin-bottom: 1rem;\\n\\","}\\n\\",".utility2FooterDiv {\\n\\","    margin-top: 20px;\\n\\","    text-align: center;\\n\\","}\\n\\","</style>\\n\\","<style>\\n\\","/*csslint\\n\\","*/\\n\\","textarea {\\n\\","    font-family: monospace;\\n\\","    height: 10rem;\\n\\","    width: 100%;\\n\\","}\\n\\","textarea[readonly] {\\n\\","    background: #ddd;\\n\\","}\\n\\","</style>\\n\\","</head>\\n\\","<body>\\n\\","<!-- utility2-comment\\n\\","<div id=\"ajaxProgressDiv1\" style=\"background: #d00; height: 2px; left: 0; margin: 0; padding: 0; position: fixed; top: 0; transition: background 0.5s, width 1.5s; width: 25%;\"></div>\\n\\","utility2-comment -->\\n\\","<h1>\\n\\","<!-- utility2-comment\\n\\","    <a\\n\\","        {{#if env.npm_package_homepage}}\\n\\","        href=\"{{env.npm_package_homepage}}\"\\n\\","        {{/if env.npm_package_homepage}}\\n\\","        target=\"_blank\"\\n\\","    >\\n\\","utility2-comment -->\\n\\","        {{env.npm_package_name}} (v{{env.npm_package_version}})\\n\\","<!-- utility2-comment\\n\\","    </a>\\n\\","utility2-comment -->\\n\\","</h1>\\n\\","<h3>{{env.npm_package_description}}</h3>\\n\\","<!-- utility2-comment\\n\\","<h4><a download href=\"assets.app.js\">download standalone app</a></h4>\\n\\","<button class=\"onclick onreset\" id=\"testRunButton1\">run internal test</button><br>\\n\\","<div id=\"testReportDiv1\" style=\"display: none;\"></div>\\n\\","utility2-comment -->\\n\\","\\n\\","\\n\\","\\n\\","<label>stderr and stdout</label>\\n\\","<textarea class=\"resettable\" id=\"outputTextareaStdout1\" readonly></textarea>\\n\\","<!-- utility2-comment\\n\\","{{#if isRollup}}\\n\\","<script src=\"assets.app.js\"></script>\\n\\","{{#unless isRollup}}\\n\\","utility2-comment -->\\n\\","<script src=\"assets.utility2.rollup.js\"></script>\\n\\","<script src=\"jsonp.utility2._stateInit?callback=window.utility2._stateInit\"></script>\\n\\","<script src=\"assets.npmtest_clamscan.rollup.js\"></script>\\n\\","<script src=\"assets.example.js\"></script>\\n\\","<script src=\"assets.test.js\"></script>\\n\\","<!-- utility2-comment\\n\\","{{/if isRollup}}\\n\\","utility2-comment -->\\n\\","<div class=\"utility2FooterDiv\">\\n\\","    [ this app was created with\\n\\","    <a href=\"https://github.com/kaizhu256/node-utility2\" target=\"_blank\">utility2</a>\\n\\","    ]\\n\\","</div>\\n\\","</body>\\n\\","</html>\\n\\","';","        /* jslint-ignore-end */","        if (local.templateRender) {","            local.assetsDict['/'] = local.templateRender(","                local.assetsDict['/assets.index.template.html'],","                {","                    env: local.objectSetDefault(local.env, {","                        npm_package_description: 'the greatest app in the world!',","                        npm_package_name: 'my-app',","                        npm_package_nameAlias: 'my_app',","                        npm_package_version: '0.0.1'","                    })","                }","            );","        } else {","            local.assetsDict['/'] = local.assetsDict['/assets.index.template.html']","                .replace((/\\{\\{env\\.(\\w+?)\\}\\}/g), function (match0, match1) {","                    // jslint-hack","                    String(match0);","                    switch (match1) {","                    case 'npm_package_description':","                        return 'the greatest app in the world!';","                    case 'npm_package_name':","                        return 'my-app';","                    case 'npm_package_nameAlias':","                        return 'my_app';","                    case 'npm_package_version':","                        return '0.0.1';","                    }","                });","        }","        // run the cli","        if (local.global.utility2_rollup || module !== require.main) {","            break;","        }","        local.assetsDict['/assets.example.js'] =","            local.assetsDict['/assets.example.js'] ||","            local.fs.readFileSync(__filename, 'utf8');","        // bug-workaround - long $npm_package_buildCustomOrg","        /* jslint-ignore-begin */","        local.assetsDict['/assets.npmtest_clamscan.rollup.js'] =","            local.assetsDict['/assets.npmtest_clamscan.rollup.js'] ||","            local.fs.readFileSync(","                local.npmtest_clamscan.__dirname + '/lib.npmtest_clamscan.js',","                'utf8'","            ).replace((/^#!/), '//');","        /* jslint-ignore-end */","        local.assetsDict['/favicon.ico'] = local.assetsDict['/favicon.ico'] || '';","        // if $npm_config_timeout_exit exists,","        // then exit this process after $npm_config_timeout_exit ms","        if (Number(process.env.npm_config_timeout_exit)) {","            setTimeout(process.exit, Number(process.env.npm_config_timeout_exit));","        }","        // start server","        if (local.global.utility2_serverHttp1) {","            break;","        }","        process.env.PORT = process.env.PORT || '8081';","        console.error('server starting on port ' + process.env.PORT);","        local.http.createServer(function (request, response) {","            request.urlParsed = local.url.parse(request.url);","            if (local.assetsDict[request.urlParsed.pathname] !== undefined) {","                response.end(local.assetsDict[request.urlParsed.pathname]);","                return;","            }","            response.statusCode = 404;","            response.end();","        }).listen(process.env.PORT);","        break;","    }","}());",""],"l":{"26":2,"28":2,"33":2,"35":2,"37":2,"38":2,"39":2,"44":1,"51":2,"55":2,"59":2,"61":2,"69":1,"70":2,"76":2,"79":2,"82":2,"83":2,"85":1,"89":2,"92":1,"93":1,"94":1,"96":1,"97":1,"100":1,"101":1,"103":1,"106":1,"108":2,"114":1,"116":1,"118":1,"123":1,"124":2,"125":2,"126":3,"127":3,"128":3,"129":3,"130":1,"133":3,"134":3,"139":3,"143":1,"144":3,"145":1,"149":1,"150":1,"158":1,"160":1,"161":1,"162":1,"164":1,"166":1,"258":1,"259":1,"271":1,"274":6,"275":6,"277":1,"279":2,"281":1,"283":2,"288":1,"289":1,"291":1,"296":1,"303":1,"306":1,"307":1,"310":1,"311":1,"313":1,"314":1,"315":1,"316":1,"317":1,"318":1,"319":1,"321":1,"322":1,"324":1}},"/home/travis/build/npmtest/node-npmtest-clamscan/node_modules/clamscan/index.js":{"path":"/home/travis/build/npmtest/node-npmtest-clamscan/node_modules/clamscan/index.js","s":{"1":1,"2":1,"3":1,"4":1,"5":1,"6":1,"7":1,"8":1,"9":1,"10":0,"11":0,"12":0,"13":0,"14":0,"15":0,"16":0,"17":0,"18":0,"19":0,"20":0,"21":0,"22":0,"23":0,"24":0,"25":0,"26":0,"27":0,"28":0,"29":0,"30":0,"31":0,"32":0,"33":0,"34":0,"35":0,"36":0,"37":0,"38":0,"39":0,"40":0,"41":0,"42":0,"43":0,"44":0,"45":0,"46":0,"47":0,"48":0,"49":0,"50":0,"51":0,"52":1,"53":0,"54":0,"55":0,"56":0,"57":0,"58":0,"59":0,"60":0,"61":0,"62":0,"63":0,"64":0,"65":0,"66":0,"67":0,"68":0,"69":0,"70":1,"71":0,"72":0,"73":0,"74":0,"75":0,"76":0,"77":0,"78":0,"79":0,"80":0,"81":0,"82":1,"83":0,"84":0,"85":0,"86":0,"87":0,"88":0,"89":0,"90":0,"91":0,"92":0,"93":0,"94":0,"95":0,"96":0,"97":0,"98":0,"99":0,"100":0,"101":0,"102":0,"103":0,"104":0,"105":0,"106":0,"107":0,"108":0,"109":0,"110":0,"111":0,"112":0,"113":0,"114":0,"115":1,"116":0,"117":0,"118":0,"119":0,"120":0,"121":0,"122":0,"123":0,"124":0,"125":0,"126":0,"127":0,"128":0,"129":0,"130":0,"131":0,"132":0,"133":0,"134":0,"135":0,"136":0,"137":0,"138":0,"139":0,"140":0,"141":0,"142":0,"143":0,"144":0,"145":0,"146":0,"147":0,"148":0,"149":0,"150":0,"151":0,"152":0,"153":0,"154":0,"155":0,"156":0,"157":0,"158":0,"159":0,"160":0,"161":0,"162":0,"163":0,"164":0,"165":0,"166":0,"167":0,"168":0,"169":0,"170":0,"171":0,"172":0,"173":0,"174":0,"175":0,"176":0,"177":0,"178":0,"179":0,"180":0,"181":0,"182":0,"183":0,"184":0,"185":0,"186":0,"187":0,"188":0,"189":0,"190":0,"191":0,"192":0,"193":0,"194":0,"195":0,"196":0,"197":0,"198":0,"199":0,"200":0,"201":0,"202":0,"203":0,"204":0,"205":0,"206":0,"207":0,"208":0,"209":0,"210":0,"211":0,"212":0,"213":0,"214":0,"215":0,"216":0,"217":0,"218":0,"219":0,"220":0,"221":0,"222":0,"223":0,"224":0,"225":0,"226":0,"227":0,"228":1,"229":0,"230":0,"231":0,"232":0,"233":0,"234":0,"235":0,"236":0,"237":0,"238":0,"239":0,"240":0,"241":0,"242":0,"243":0,"244":0,"245":0,"246":0,"247":0,"248":0,"249":0,"250":0,"251":0,"252":0,"253":0,"254":0,"255":0,"256":0,"257":0,"258":0,"259":0,"260":0,"261":0,"262":0,"263":0,"264":0,"265":0,"266":0,"267":0,"268":0,"269":0,"270":0,"271":0,"272":0,"273":0,"274":0,"275":0,"276":0,"277":0,"278":0,"279":0,"280":0,"281":0,"282":0,"283":0,"284":0,"285":1,"286":0,"287":0,"288":0,"289":0,"290":0,"291":0,"292":1,"293":0,"294":1,"295":0,"296":0,"297":0,"298":0,"299":0,"300":0,"301":0,"302":0,"303":0,"304":0,"305":0,"306":0,"307":0,"308":0,"309":0,"310":0,"311":0,"312":0,"313":0,"314":0,"315":0,"316":0,"317":0,"318":0,"319":0,"320":0,"321":0,"322":0,"323":0,"324":0,"325":0,"326":0},"b":{"1":[0,0],"2":[0,0],"3":[0,0],"4":[0,0],"5":[0,0],"6":[0,0],"7":[0,0],"8":[0,0],"9":[0,0],"10":[0,0],"11":[0,0],"12":[0,0],"13":[0,0],"14":[0,0,0],"15":[0,0],"16":[0,0,0],"17":[0,0],"18":[0,0],"19":[0,0],"20":[0,0],"21":[0,0],"22":[0,0],"23":[0,0],"24":[0,0],"25":[0,0],"26":[0,0],"27":[0,0],"28":[0,0],"29":[0,0],"30":[0,0],"31":[0,0],"32":[0,0],"33":[0,0],"34":[0,0],"35":[0,0],"36":[0,0],"37":[0,0],"38":[0,0],"39":[0,0],"40":[0,0],"41":[0,0],"42":[0,0],"43":[0,0],"44":[0,0],"45":[0,0],"46":[0,0],"47":[0,0],"48":[0,0],"49":[0,0],"50":[0,0],"51":[0,0],"52":[0,0],"53":[0,0],"54":[0,0],"55":[0,0],"56":[0,0],"57":[0,0],"58":[0,0],"59":[0,0],"60":[0,0],"61":[0,0],"62":[0,0],"63":[0,0],"64":[0,0],"65":[0,0],"66":[0,0],"67":[0,0],"68":[0,0],"69":[0,0],"70":[0,0],"71":[0,0],"72":[0,0],"73":[0,0],"74":[0,0],"75":[0,0],"76":[0,0],"77":[0,0],"78":[0,0],"79":[0,0],"80":[0,0],"81":[0,0],"82":[0,0],"83":[0,0],"84":[0,0],"85":[0,0],"86":[0,0],"87":[0,0],"88":[0,0,0],"89":[0,0],"90":[0,0],"91":[0,0],"92":[0,0],"93":[0,0],"94":[0,0],"95":[0,0],"96":[0,0],"97":[0,0],"98":[0,0],"99":[0,0],"100":[0,0],"101":[0,0],"102":[0,0],"103":[0,0],"104":[0,0],"105":[0,0],"106":[0,0],"107":[0,0],"108":[0,0],"109":[0,0],"110":[0,0],"111":[0,0],"112":[0,0],"113":[0,0],"114":[0,0],"115":[0,0],"116":[0,0],"117":[0,0],"118":[0,0],"119":[0,0],"120":[0,0],"121":[0,0],"122":[0,0],"123":[0,0],"124":[0,0],"125":[0,0],"126":[0,0],"127":[0,0],"128":[0,0],"129":[0,0],"130":[0,0],"131":[0,0],"132":[0,0],"133":[0,0],"134":[0,0],"135":[0,0],"136":[0,0],"137":[0,0],"138":[0,0],"139":[0,0],"140":[0,0],"141":[0,0],"142":[0,0],"143":[0,0],"144":[0,0],"145":[0,0],"146":[0,0]},"f":{"1":0,"2":0,"3":0,"4":0,"5":0,"6":0,"7":0,"8":0,"9":0,"10":0,"11":0,"12":0,"13":0,"14":0,"15":0,"16":0,"17":0,"18":0,"19":0,"20":0,"21":0,"22":0,"23":0,"24":0,"25":0,"26":0,"27":0,"28":0,"29":0,"30":0,"31":0,"32":0,"33":0},"fnMap":{"1":{"name":"NodeClam","line":22,"loc":{"start":{"line":22,"column":0},"end":{"line":22,"column":27}}},"2":{"name":"(anonymous_2)","line":132,"loc":{"start":{"line":132,"column":38},"end":{"line":132,"column":60}}},"3":{"name":"(anonymous_3)","line":146,"loc":{"start":{"line":146,"column":20},"end":{"line":146,"column":37}}},"4":{"name":"(anonymous_4)","line":154,"loc":{"start":{"line":154,"column":36},"end":{"line":154,"column":66}}},"5":{"name":"(anonymous_5)","line":172,"loc":{"start":{"line":172,"column":43},"end":{"line":172,"column":61}}},"6":{"name":"(anonymous_6)","line":206,"loc":{"start":{"line":206,"column":33},"end":{"line":206,"column":58}}},"7":{"name":"(anonymous_7)","line":230,"loc":{"start":{"line":230,"column":75},"end":{"line":230,"column":105}}},"8":{"name":"(anonymous_8)","line":273,"loc":{"start":{"line":273,"column":32},"end":{"line":273,"column":65}}},"9":{"name":"(anonymous_9)","line":295,"loc":{"start":{"line":295,"column":23},"end":{"line":295,"column":45}}},"10":{"name":"(anonymous_10)","line":298,"loc":{"start":{"line":298,"column":21},"end":{"line":298,"column":37}}},"11":{"name":"(anonymous_11)","line":328,"loc":{"start":{"line":328,"column":18},"end":{"line":328,"column":34}}},"12":{"name":"scan_file","line":337,"loc":{"start":{"line":337,"column":13},"end":{"line":337,"column":34}}},"13":{"name":"(anonymous_13)","line":339,"loc":{"start":{"line":339,"column":39},"end":{"line":339,"column":69}}},"14":{"name":"(anonymous_14)","line":376,"loc":{"start":{"line":376,"column":30},"end":{"line":376,"column":41}}},"15":{"name":"(anonymous_15)","line":385,"loc":{"start":{"line":385,"column":38},"end":{"line":385,"column":53}}},"16":{"name":"(anonymous_16)","line":394,"loc":{"start":{"line":394,"column":88},"end":{"line":394,"column":118}}},"17":{"name":"(anonymous_17)","line":406,"loc":{"start":{"line":406,"column":65},"end":{"line":406,"column":84}}},"18":{"name":"get_dir_files","line":423,"loc":{"start":{"line":423,"column":17},"end":{"line":423,"column":42}}},"19":{"name":"(anonymous_19)","line":426,"loc":{"start":{"line":426,"column":38},"end":{"line":426,"column":58}}},"20":{"name":"(anonymous_20)","line":428,"loc":{"start":{"line":428,"column":49},"end":{"line":428,"column":73}}},"21":{"name":"(anonymous_21)","line":449,"loc":{"start":{"line":449,"column":44},"end":{"line":449,"column":56}}},"22":{"name":"(anonymous_22)","line":459,"loc":{"start":{"line":459,"column":43},"end":{"line":459,"column":60}}},"23":{"name":"(anonymous_23)","line":465,"loc":{"start":{"line":465,"column":49},"end":{"line":465,"column":69}}},"24":{"name":"(anonymous_24)","line":491,"loc":{"start":{"line":491,"column":30},"end":{"line":491,"column":62}}},"25":{"name":"(anonymous_25)","line":516,"loc":{"start":{"line":516,"column":33},"end":{"line":516,"column":63}}},"26":{"name":"(anonymous_26)","line":522,"loc":{"start":{"line":522,"column":51},"end":{"line":522,"column":66}}},"27":{"name":"(anonymous_27)","line":530,"loc":{"start":{"line":530,"column":25},"end":{"line":530,"column":46}}},"28":{"name":"get_file_stats","line":532,"loc":{"start":{"line":532,"column":13},"end":{"line":532,"column":39}}},"29":{"name":"(anonymous_29)","line":536,"loc":{"start":{"line":536,"column":34},"end":{"line":536,"column":54}}},"30":{"name":"(anonymous_30)","line":560,"loc":{"start":{"line":560,"column":79},"end":{"line":560,"column":109}}},"31":{"name":"(anonymous_31)","line":597,"loc":{"start":{"line":597,"column":37},"end":{"line":597,"column":53}}},"32":{"name":"(anonymous_32)","line":611,"loc":{"start":{"line":611,"column":17},"end":{"line":611,"column":35}}},"33":{"name":"build_clam_flags","line":623,"loc":{"start":{"line":623,"column":0},"end":{"line":623,"column":45}}}},"statementMap":{"1":{"start":{"line":8,"column":0},"end":{"line":8,"column":31}},"2":{"start":{"line":9,"column":0},"end":{"line":9,"column":23}},"3":{"start":{"line":10,"column":0},"end":{"line":10,"column":41}},"4":{"start":{"line":11,"column":0},"end":{"line":11,"column":49}},"5":{"start":{"line":12,"column":0},"end":{"line":12,"column":49}},"6":{"start":{"line":13,"column":0},"end":{"line":13,"column":43}},"7":{"start":{"line":14,"column":0},"end":{"line":14,"column":23}},"8":{"start":{"line":15,"column":0},"end":{"line":15,"column":32}},"9":{"start":{"line":22,"column":0},"end":{"line":120,"column":1}},"10":{"start":{"line":23,"column":4},"end":{"line":23,"column":28}},"11":{"start":{"line":25,"column":4},"end":{"line":25,"column":39}},"12":{"start":{"line":28,"column":4},"end":{"line":49,"column":7}},"13":{"start":{"line":51,"column":4},"end":{"line":51,"column":48}},"14":{"start":{"line":54,"column":4},"end":{"line":57,"column":5}},"15":{"start":{"line":55,"column":8},"end":{"line":55,"column":88}},"16":{"start":{"line":56,"column":8},"end":{"line":56,"column":32}},"17":{"start":{"line":58,"column":4},"end":{"line":61,"column":5}},"18":{"start":{"line":59,"column":8},"end":{"line":59,"column":91}},"19":{"start":{"line":60,"column":8},"end":{"line":60,"column":33}},"20":{"start":{"line":62,"column":4},"end":{"line":62,"column":56}},"21":{"start":{"line":65,"column":4},"end":{"line":67,"column":5}},"22":{"start":{"line":66,"column":8},"end":{"line":66,"column":74}},"23":{"start":{"line":70,"column":4},"end":{"line":70,"column":40}},"24":{"start":{"line":71,"column":4},"end":{"line":73,"column":5}},"25":{"start":{"line":72,"column":8},"end":{"line":72,"column":69}},"26":{"start":{"line":74,"column":4},"end":{"line":76,"column":5}},"27":{"start":{"line":75,"column":8},"end":{"line":75,"column":34}},"28":{"start":{"line":79,"column":4},"end":{"line":88,"column":5}},"29":{"start":{"line":81,"column":8},"end":{"line":87,"column":9}},"30":{"start":{"line":82,"column":12},"end":{"line":82,"column":39}},"31":{"start":{"line":83,"column":15},"end":{"line":87,"column":9}},"32":{"start":{"line":84,"column":12},"end":{"line":84,"column":40}},"33":{"start":{"line":86,"column":12},"end":{"line":86,"column":99}},"34":{"start":{"line":91,"column":4},"end":{"line":98,"column":5}},"35":{"start":{"line":92,"column":8},"end":{"line":92,"column":105}},"36":{"start":{"line":93,"column":8},"end":{"line":93,"column":50}},"37":{"start":{"line":94,"column":8},"end":{"line":94,"column":33}},"38":{"start":{"line":96,"column":8},"end":{"line":97,"column":49}},"39":{"start":{"line":97,"column":12},"end":{"line":97,"column":49}},"40":{"start":{"line":101,"column":4},"end":{"line":106,"column":5}},"41":{"start":{"line":102,"column":8},"end":{"line":102,"column":94}},"42":{"start":{"line":103,"column":8},"end":{"line":103,"column":38}},"43":{"start":{"line":104,"column":8},"end":{"line":105,"column":33}},"44":{"start":{"line":105,"column":12},"end":{"line":105,"column":33}},"45":{"start":{"line":109,"column":4},"end":{"line":116,"column":5}},"46":{"start":{"line":110,"column":8},"end":{"line":115,"column":9}},"47":{"start":{"line":111,"column":12},"end":{"line":111,"column":107}},"48":{"start":{"line":112,"column":12},"end":{"line":112,"column":45}},"49":{"start":{"line":113,"column":12},"end":{"line":114,"column":37}},"50":{"start":{"line":114,"column":16},"end":{"line":114,"column":37}},"51":{"start":{"line":119,"column":4},"end":{"line":119,"column":68}},"52":{"start":{"line":132,"column":0},"end":{"line":164,"column":1}},"53":{"start":{"line":133,"column":4},"end":{"line":133,"column":51}},"54":{"start":{"line":134,"column":4},"end":{"line":139,"column":5}},"55":{"start":{"line":135,"column":8},"end":{"line":137,"column":9}},"56":{"start":{"line":136,"column":12},"end":{"line":136,"column":82}},"57":{"start":{"line":138,"column":8},"end":{"line":138,"column":25}},"58":{"start":{"line":141,"column":4},"end":{"line":144,"column":6}},"59":{"start":{"line":146,"column":4},"end":{"line":163,"column":7}},"60":{"start":{"line":147,"column":8},"end":{"line":152,"column":9}},"61":{"start":{"line":148,"column":12},"end":{"line":150,"column":13}},"62":{"start":{"line":149,"column":16},"end":{"line":149,"column":87}},"63":{"start":{"line":151,"column":12},"end":{"line":151,"column":29}},"64":{"start":{"line":154,"column":8},"end":{"line":162,"column":10}},"65":{"start":{"line":155,"column":12},"end":{"line":160,"column":13}},"66":{"start":{"line":156,"column":16},"end":{"line":158,"column":17}},"67":{"start":{"line":157,"column":20},"end":{"line":157,"column":91}},"68":{"start":{"line":159,"column":16},"end":{"line":159,"column":33}},"69":{"start":{"line":161,"column":12},"end":{"line":161,"column":28}},"70":{"start":{"line":172,"column":0},"end":{"line":198,"column":1}},"71":{"start":{"line":173,"column":4},"end":{"line":173,"column":51}},"72":{"start":{"line":174,"column":4},"end":{"line":179,"column":5}},"73":{"start":{"line":175,"column":8},"end":{"line":177,"column":9}},"74":{"start":{"line":176,"column":12},"end":{"line":176,"column":82}},"75":{"start":{"line":178,"column":8},"end":{"line":178,"column":21}},"76":{"start":{"line":181,"column":4},"end":{"line":184,"column":6}},"77":{"start":{"line":190,"column":4},"end":{"line":195,"column":5}},"78":{"start":{"line":191,"column":8},"end":{"line":193,"column":9}},"79":{"start":{"line":192,"column":12},"end":{"line":192,"column":83}},"80":{"start":{"line":194,"column":8},"end":{"line":194,"column":21}},"81":{"start":{"line":197,"column":4},"end":{"line":197,"column":16}},"82":{"start":{"line":206,"column":0},"end":{"line":263,"column":1}},"83":{"start":{"line":208,"column":4},"end":{"line":210,"column":5}},"84":{"start":{"line":209,"column":8},"end":{"line":209,"column":104}},"85":{"start":{"line":213,"column":4},"end":{"line":220,"column":5}},"86":{"start":{"line":214,"column":8},"end":{"line":214,"column":68}},"87":{"start":{"line":215,"column":8},"end":{"line":219,"column":9}},"88":{"start":{"line":216,"column":12},"end":{"line":216,"column":43}},"89":{"start":{"line":218,"column":12},"end":{"line":218,"column":22}},"90":{"start":{"line":222,"column":4},"end":{"line":222,"column":20}},"91":{"start":{"line":224,"column":4},"end":{"line":227,"column":5}},"92":{"start":{"line":225,"column":8},"end":{"line":225,"column":51}},"93":{"start":{"line":226,"column":8},"end":{"line":226,"column":140}},"94":{"start":{"line":230,"column":4},"end":{"line":262,"column":7}},"95":{"start":{"line":231,"column":8},"end":{"line":261,"column":9}},"96":{"start":{"line":232,"column":12},"end":{"line":243,"column":13}},"97":{"start":{"line":233,"column":16},"end":{"line":239,"column":17}},"98":{"start":{"line":234,"column":20},"end":{"line":234,"column":47}},"99":{"start":{"line":236,"column":20},"end":{"line":237,"column":57}},"100":{"start":{"line":237,"column":24},"end":{"line":237,"column":57}},"101":{"start":{"line":238,"column":20},"end":{"line":238,"column":57}},"102":{"start":{"line":241,"column":16},"end":{"line":241,"column":54}},"103":{"start":{"line":242,"column":16},"end":{"line":242,"column":42}},"104":{"start":{"line":245,"column":12},"end":{"line":245,"column":39}},"105":{"start":{"line":247,"column":12},"end":{"line":250,"column":13}},"106":{"start":{"line":248,"column":16},"end":{"line":248,"column":79}},"107":{"start":{"line":249,"column":16},"end":{"line":249,"column":52}},"108":{"start":{"line":252,"column":12},"end":{"line":260,"column":13}},"109":{"start":{"line":253,"column":16},"end":{"line":254,"column":66}},"110":{"start":{"line":254,"column":20},"end":{"line":254,"column":66}},"111":{"start":{"line":255,"column":16},"end":{"line":255,"column":44}},"112":{"start":{"line":257,"column":16},"end":{"line":258,"column":72}},"113":{"start":{"line":258,"column":20},"end":{"line":258,"column":72}},"114":{"start":{"line":259,"column":16},"end":{"line":259,"column":43}},"115":{"start":{"line":273,"column":0},"end":{"line":476,"column":1}},"116":{"start":{"line":274,"column":4},"end":{"line":274,"column":24}},"117":{"start":{"line":275,"column":4},"end":{"line":275,"column":28}},"118":{"start":{"line":276,"column":4},"end":{"line":276,"column":30}},"119":{"start":{"line":278,"column":4},"end":{"line":278,"column":23}},"120":{"start":{"line":279,"column":4},"end":{"line":279,"column":24}},"121":{"start":{"line":280,"column":4},"end":{"line":280,"column":28}},"122":{"start":{"line":281,"column":4},"end":{"line":281,"column":20}},"123":{"start":{"line":282,"column":4},"end":{"line":282,"column":24}},"124":{"start":{"line":285,"column":4},"end":{"line":287,"column":5}},"125":{"start":{"line":286,"column":8},"end":{"line":286,"column":113}},"126":{"start":{"line":290,"column":4},"end":{"line":292,"column":5}},"127":{"start":{"line":291,"column":8},"end":{"line":291,"column":112}},"128":{"start":{"line":295,"column":4},"end":{"line":325,"column":6}},"129":{"start":{"line":296,"column":8},"end":{"line":320,"column":15}},"130":{"start":{"line":299,"column":16},"end":{"line":299,"column":61}},"131":{"start":{"line":299,"column":54},"end":{"line":299,"column":61}},"132":{"start":{"line":302,"column":16},"end":{"line":302,"column":51}},"133":{"start":{"line":303,"column":16},"end":{"line":307,"column":17}},"134":{"start":{"line":304,"column":20},"end":{"line":304,"column":35}},"135":{"start":{"line":306,"column":20},"end":{"line":306,"column":50}},"136":{"start":{"line":309,"column":16},"end":{"line":319,"column":17}},"137":{"start":{"line":310,"column":20},"end":{"line":312,"column":21}},"138":{"start":{"line":311,"column":24},"end":{"line":311,"column":54}},"139":{"start":{"line":313,"column":20},"end":{"line":313,"column":42}},"140":{"start":{"line":315,"column":20},"end":{"line":317,"column":21}},"141":{"start":{"line":316,"column":24},"end":{"line":316,"column":60}},"142":{"start":{"line":318,"column":20},"end":{"line":318,"column":41}},"143":{"start":{"line":322,"column":8},"end":{"line":323,"column":46}},"144":{"start":{"line":323,"column":12},"end":{"line":323,"column":46}},"145":{"start":{"line":324,"column":8},"end":{"line":324,"column":51}},"146":{"start":{"line":328,"column":4},"end":{"line":445,"column":6}},"147":{"start":{"line":329,"column":8},"end":{"line":329,"column":37}},"148":{"start":{"line":331,"column":8},"end":{"line":333,"column":9}},"149":{"start":{"line":332,"column":12},"end":{"line":332,"column":89}},"150":{"start":{"line":336,"column":8},"end":{"line":444,"column":9}},"151":{"start":{"line":337,"column":12},"end":{"line":369,"column":17}},"152":{"start":{"line":338,"column":16},"end":{"line":338,"column":37}},"153":{"start":{"line":339,"column":16},"end":{"line":368,"column":19}},"154":{"start":{"line":340,"column":20},"end":{"line":340,"column":38}},"155":{"start":{"line":342,"column":20},"end":{"line":343,"column":111}},"156":{"start":{"line":343,"column":24},"end":{"line":343,"column":111}},"157":{"start":{"line":345,"column":20},"end":{"line":349,"column":21}},"158":{"start":{"line":346,"column":24},"end":{"line":346,"column":46}},"159":{"start":{"line":347,"column":27},"end":{"line":349,"column":21}},"160":{"start":{"line":348,"column":24},"end":{"line":348,"column":45}},"161":{"start":{"line":351,"column":20},"end":{"line":351,"column":76}},"162":{"start":{"line":351,"column":47},"end":{"line":351,"column":76}},"163":{"start":{"line":353,"column":20},"end":{"line":367,"column":21}},"164":{"start":{"line":354,"column":24},"end":{"line":360,"column":25}},"165":{"start":{"line":355,"column":28},"end":{"line":355,"column":69}},"166":{"start":{"line":356,"column":28},"end":{"line":356,"column":66}},"167":{"start":{"line":357,"column":28},"end":{"line":357,"column":51}},"168":{"start":{"line":358,"column":28},"end":{"line":358,"column":67}},"169":{"start":{"line":359,"column":28},"end":{"line":359,"column":52}},"170":{"start":{"line":361,"column":24},"end":{"line":361,"column":86}},"171":{"start":{"line":361,"column":50},"end":{"line":361,"column":86}},"172":{"start":{"line":366,"column":24},"end":{"line":366,"column":49}},"173":{"start":{"line":374,"column":12},"end":{"line":374,"column":31}},"174":{"start":{"line":376,"column":12},"end":{"line":420,"column":14}},"175":{"start":{"line":378,"column":16},"end":{"line":378,"column":59}},"176":{"start":{"line":381,"column":16},"end":{"line":382,"column":89}},"177":{"start":{"line":382,"column":20},"end":{"line":382,"column":89}},"178":{"start":{"line":385,"column":16},"end":{"line":387,"column":19}},"179":{"start":{"line":386,"column":20},"end":{"line":386,"column":52}},"180":{"start":{"line":390,"column":16},"end":{"line":391,"column":152}},"181":{"start":{"line":391,"column":20},"end":{"line":391,"column":152}},"182":{"start":{"line":394,"column":16},"end":{"line":419,"column":19}},"183":{"start":{"line":395,"column":20},"end":{"line":397,"column":21}},"184":{"start":{"line":396,"column":24},"end":{"line":396,"column":66}},"185":{"start":{"line":398,"column":20},"end":{"line":416,"column":21}},"186":{"start":{"line":399,"column":24},"end":{"line":403,"column":25}},"187":{"start":{"line":400,"column":28},"end":{"line":400,"column":73}},"188":{"start":{"line":401,"column":28},"end":{"line":401,"column":47}},"189":{"start":{"line":402,"column":28},"end":{"line":402,"column":64}},"190":{"start":{"line":405,"column":24},"end":{"line":415,"column":25}},"191":{"start":{"line":406,"column":28},"end":{"line":412,"column":31}},"192":{"start":{"line":407,"column":32},"end":{"line":407,"column":95}},"193":{"start":{"line":408,"column":32},"end":{"line":410,"column":33}},"194":{"start":{"line":409,"column":36},"end":{"line":409,"column":52}},"195":{"start":{"line":411,"column":32},"end":{"line":411,"column":42}},"196":{"start":{"line":414,"column":28},"end":{"line":414,"column":62}},"197":{"start":{"line":418,"column":20},"end":{"line":418,"column":53}},"198":{"start":{"line":422,"column":12},"end":{"line":443,"column":13}},"199":{"start":{"line":423,"column":16},"end":{"line":439,"column":21}},"200":{"start":{"line":424,"column":20},"end":{"line":438,"column":21}},"201":{"start":{"line":425,"column":24},"end":{"line":425,"column":47}},"202":{"start":{"line":426,"column":24},"end":{"line":435,"column":27}},"203":{"start":{"line":427,"column":28},"end":{"line":433,"column":29}},"204":{"start":{"line":428,"column":32},"end":{"line":430,"column":35}},"205":{"start":{"line":429,"column":36},"end":{"line":429,"column":84}},"206":{"start":{"line":432,"column":32},"end":{"line":432,"column":53}},"207":{"start":{"line":434,"column":28},"end":{"line":434,"column":44}},"208":{"start":{"line":437,"column":24},"end":{"line":437,"column":38}},"209":{"start":{"line":441,"column":16},"end":{"line":441,"column":34}},"210":{"start":{"line":442,"column":16},"end":{"line":442,"column":30}},"211":{"start":{"line":448,"column":4},"end":{"line":450,"column":5}},"212":{"start":{"line":449,"column":8},"end":{"line":449,"column":78}},"213":{"start":{"line":449,"column":58},"end":{"line":449,"column":74}},"214":{"start":{"line":453,"column":4},"end":{"line":475,"column":5}},"215":{"start":{"line":454,"column":8},"end":{"line":457,"column":9}},"216":{"start":{"line":455,"column":12},"end":{"line":455,"column":88}},"217":{"start":{"line":456,"column":12},"end":{"line":456,"column":39}},"218":{"start":{"line":459,"column":8},"end":{"line":472,"column":11}},"219":{"start":{"line":460,"column":12},"end":{"line":463,"column":13}},"220":{"start":{"line":461,"column":16},"end":{"line":461,"column":130}},"221":{"start":{"line":462,"column":16},"end":{"line":462,"column":43}},"222":{"start":{"line":465,"column":12},"end":{"line":471,"column":15}},"223":{"start":{"line":466,"column":16},"end":{"line":468,"column":17}},"224":{"start":{"line":467,"column":20},"end":{"line":467,"column":47}},"225":{"start":{"line":469,"column":16},"end":{"line":469,"column":53}},"226":{"start":{"line":470,"column":16},"end":{"line":470,"column":37}},"227":{"start":{"line":474,"column":8},"end":{"line":474,"column":30}},"228":{"start":{"line":491,"column":0},"end":{"line":589,"column":1}},"229":{"start":{"line":492,"column":4},"end":{"line":492,"column":20}},"230":{"start":{"line":494,"column":4},"end":{"line":494,"column":22}},"231":{"start":{"line":495,"column":4},"end":{"line":495,"column":28}},"232":{"start":{"line":496,"column":4},"end":{"line":496,"column":30}},"233":{"start":{"line":499,"column":4},"end":{"line":501,"column":5}},"234":{"start":{"line":500,"column":8},"end":{"line":500,"column":82}},"235":{"start":{"line":504,"column":4},"end":{"line":506,"column":5}},"236":{"start":{"line":505,"column":8},"end":{"line":505,"column":122}},"237":{"start":{"line":509,"column":4},"end":{"line":509,"column":35}},"238":{"start":{"line":511,"column":4},"end":{"line":512,"column":62}},"239":{"start":{"line":512,"column":8},"end":{"line":512,"column":62}},"240":{"start":{"line":515,"column":4},"end":{"line":588,"column":5}},"241":{"start":{"line":516,"column":8},"end":{"line":525,"column":11}},"242":{"start":{"line":517,"column":12},"end":{"line":524,"column":13}},"243":{"start":{"line":518,"column":16},"end":{"line":519,"column":42}},"244":{"start":{"line":519,"column":20},"end":{"line":519,"column":42}},"245":{"start":{"line":520,"column":16},"end":{"line":520,"column":47}},"246":{"start":{"line":522,"column":16},"end":{"line":522,"column":104}},"247":{"start":{"line":522,"column":68},"end":{"line":522,"column":100}},"248":{"start":{"line":523,"column":16},"end":{"line":523,"column":56}},"249":{"start":{"line":529,"column":9},"end":{"line":588,"column":5}},"250":{"start":{"line":530,"column":8},"end":{"line":551,"column":11}},"251":{"start":{"line":531,"column":12},"end":{"line":531,"column":32}},"252":{"start":{"line":532,"column":12},"end":{"line":550,"column":17}},"253":{"start":{"line":533,"column":16},"end":{"line":549,"column":17}},"254":{"start":{"line":534,"column":20},"end":{"line":534,"column":43}},"255":{"start":{"line":535,"column":5},"end":{"line":535,"column":39}},"256":{"start":{"line":536,"column":20},"end":{"line":546,"column":8}},"257":{"start":{"line":537,"column":21},"end":{"line":544,"column":25}},"258":{"start":{"line":538,"column":28},"end":{"line":540,"column":29}},"259":{"start":{"line":539,"column":32},"end":{"line":539,"column":54}},"260":{"start":{"line":542,"column":28},"end":{"line":543,"column":98}},"261":{"start":{"line":543,"column":32},"end":{"line":543,"column":98}},"262":{"start":{"line":545,"column":24},"end":{"line":545,"column":41}},"263":{"start":{"line":548,"column":20},"end":{"line":548,"column":65}},"264":{"start":{"line":555,"column":9},"end":{"line":588,"column":5}},"265":{"start":{"line":556,"column":8},"end":{"line":557,"column":144}},"266":{"start":{"line":557,"column":12},"end":{"line":557,"column":144}},"267":{"start":{"line":560,"column":8},"end":{"line":587,"column":11}},"268":{"start":{"line":561,"column":12},"end":{"line":586,"column":13}},"269":{"start":{"line":562,"column":16},"end":{"line":573,"column":17}},"270":{"start":{"line":563,"column":20},"end":{"line":569,"column":21}},"271":{"start":{"line":564,"column":24},"end":{"line":564,"column":49}},"272":{"start":{"line":566,"column":24},"end":{"line":567,"column":61}},"273":{"start":{"line":567,"column":28},"end":{"line":567,"column":61}},"274":{"start":{"line":568,"column":24},"end":{"line":568,"column":59}},"275":{"start":{"line":571,"column":20},"end":{"line":571,"column":58}},"276":{"start":{"line":572,"column":20},"end":{"line":572,"column":44}},"277":{"start":{"line":575,"column":16},"end":{"line":575,"column":43}},"278":{"start":{"line":577,"column":16},"end":{"line":585,"column":17}},"279":{"start":{"line":578,"column":20},"end":{"line":579,"column":54}},"280":{"start":{"line":579,"column":24},"end":{"line":579,"column":54}},"281":{"start":{"line":580,"column":20},"end":{"line":580,"column":52}},"282":{"start":{"line":582,"column":20},"end":{"line":583,"column":60}},"283":{"start":{"line":583,"column":24},"end":{"line":583,"column":60}},"284":{"start":{"line":584,"column":20},"end":{"line":584,"column":52}},"285":{"start":{"line":597,"column":0},"end":{"line":609,"column":1}},"286":{"start":{"line":598,"column":4},"end":{"line":598,"column":39}},"287":{"start":{"line":600,"column":4},"end":{"line":602,"column":5}},"288":{"start":{"line":601,"column":8},"end":{"line":601,"column":24}},"289":{"start":{"line":604,"column":4},"end":{"line":606,"column":5}},"290":{"start":{"line":605,"column":8},"end":{"line":605,"column":33}},"291":{"start":{"line":608,"column":4},"end":{"line":608,"column":16}},"292":{"start":{"line":611,"column":0},"end":{"line":613,"column":2}},"293":{"start":{"line":612,"column":4},"end":{"line":612,"column":33}},"294":{"start":{"line":623,"column":0},"end":{"line":683,"column":1}},"295":{"start":{"line":624,"column":4},"end":{"line":624,"column":39}},"296":{"start":{"line":627,"column":4},"end":{"line":664,"column":5}},"297":{"start":{"line":628,"column":8},"end":{"line":628,"column":37}},"298":{"start":{"line":631,"column":8},"end":{"line":635,"column":9}},"299":{"start":{"line":632,"column":12},"end":{"line":632,"column":45}},"300":{"start":{"line":634,"column":12},"end":{"line":634,"column":44}},"301":{"start":{"line":637,"column":8},"end":{"line":637,"column":102}},"302":{"start":{"line":637,"column":47},"end":{"line":637,"column":102}},"303":{"start":{"line":639,"column":8},"end":{"line":643,"column":9}},"304":{"start":{"line":640,"column":12},"end":{"line":640,"column":51}},"305":{"start":{"line":642,"column":12},"end":{"line":642,"column":50}},"306":{"start":{"line":645,"column":8},"end":{"line":649
[...]
"// -----","// @param    Array        files        A list of files or paths (full paths) to be scanned.","// @param    Function    end_cb        What to do after the scan","// @param    Function    file_cb        What to do after each file has been scanned","// ****************************************************************************","NodeClam.prototype.scan_files = function(files, end_cb, file_cb) {","    files = files || [];","    end_cb = end_cb || null;","    file_cb = file_cb || null;","","    var bad_files = [];","    var good_files = [];","    var completed_files = 0;","    var self = this;","    var file, file_list;","","    // Verify second param, if supplied, is a function","    if (end_cb && typeof end_cb !== 'function') {","        throw new Error(\"Invalid end-scan callback provided. Second paramter, if provided, must be a function!\");","    }","","    // Verify second param, if supplied, is a function","    if (file_cb && typeof file_cb !== 'function') {","        throw new Error(\"Invalid per-file callback provided. Third paramter, if provided, must be a function!\");","    }","","    // The function that parses the stdout from clamscan/clamdscan","    var parse_stdout = function(err, stdout) {","        stdout.trim()","            .split(String.fromCharCode(10))","            .forEach(function(result){","                if (result.match(/^[\\-]+$/) !== null) return;","","                //console.log(\"PATH: \" + result)","                var path = result.match(/^(.*): /);","                if (path && path.length > 0) {","                    path = path[1];","                } else {","                    path = '<Unknown File Path!>';","                }","","                if (result.match(/OK$/)) {","                    if (self.settings.debug_mode === true){","                        console.log(path + ' is OK!');","                    }","                    good_files.push(path);","                } else {","                    if (self.settings.debug_mode === true){","                        console.log(path + ' is INFECTED!');","                    }","                    bad_files.push(path);","                }","            });","","        if (err)","            return end_cb(err, [], bad_files);","        return end_cb(null, good_files, bad_files);","    };","","    // The function that actually scans the files","    var do_scan = function(files) {","        var num_files = files.length;","","        if (self.settings.debug_mode === true) {","            console.log(\"node-clam: Scanning a list of \" + num_files + \" passed files.\");","        }","","        // Slower but more verbose way...","        if (typeof file_cb === 'function') {","            (function scan_file() {","                file = files.shift();","                self.is_infected(file, function(err, file, infected) {","                    completed_files++;","","                    if (self.settings.debug_mode)","                        console.log(\"node-clam: \" + completed_files + \"/\" + num_files + \" have been scanned!\");","","                    if(!infected) {","                        good_files.push(file);","                    } else if(infected || err) {","                        bad_files.push(file);","                    }","","                    if(__.isFunction(file_cb)) file_cb(err, file, infected);","","                    if(completed_files >= num_files) {","                        if(self.settings.debug_mode) {","                            console.log('node-clam: Scan Complete!');","                            console.log(\"node-clam: Bad Files: \");","                            console.dir(bad_files);","                            console.log(\"node-clam: Good Files: \");","                            console.dir(good_files);","                        }","                        if(__.isFunction(end_cb)) end_cb(null, good_files, bad_files);","                    }","                    // All files have not been scanned yet, scan next item.","                    else {","                        // Using setTimeout to avoid crazy stack trace madness.","                        setTimeout(scan_file, 0);","                    }","                });","            })();","        }","","        // The MUCH quicker but less-verbose way","        else {","            var all_files = [];","","            var finish_scan = function() {","                // Make sure there are no dupes and no falsy values... just cause we can","                all_files = __.uniq(__.compact(all_files));","","                // If file list is empty, return error","                if (all_files.length <= 0)","                    return end_cb(new Error(\"No valid files provided to scan!\"), [], []);","","                // List files by space and escape","                var items = files.map(function(file) {","                    return file.replace(/ /g,'\\\\ ');","                });","","                // Build the actual command to run","                if(self.settings.debug_mode === true)","                    console.log('node-clam: Configured clam command: ' + self.settings[self.scanner].path + ' ' +self.build_clam_args(items).join(' '));","","                // Execute the clam binary with the proper flags","                execFile(self.settings[self.scanner].path, self.build_clam_args(items), function(err, stdout, stderr) {","                    if(self.settings.debug_mode === true) {","                        console.log('node-clam: stdout:', stdout);","                    }","                    if (err && stderr) {","                        if(self.settings.debug_mode === true){","                            console.log('node-clam: An error occurred.');","                            console.error(err);","                            console.log('node-clam: ' + stderr);","                        }","","                        if (stderr.length > 0) {","                            bad_files = stderr.split(os.EOL).map(function(err_line) {","                                var match = err_line.match(/^ERROR: Can't access file (.*)+$/); //'// fix for some bad syntax highlighters","                                if (match !== null && match.length > 1 && typeof match[1] === 'string') {","                                    return match[1];","                                }","                                return '';","                            });","","                            bad_files = __.compact(bad_files);","                        }","                    }","","                    return parse_stdout(err, stdout);","                });","            };","","            if (self.scanner === 'clamdscan' && self.scan_recursively === false) {","                (function get_dir_files() {","                    if (files.length > 0) {","                        var file = files.pop();","                        fs.stat(file, function(err, file) {","                            if (!file.isFile()) {","                                fs.readdir(file, function(err, dir_file) {","                                    all_files = __.uniq(all_files.concat(dir_file));","                                });","                            } else {","                                all_files.push(file);","                            }","                            get_dir_files();","                        });","                    } else {","                        finish_scan();","                    }","                })();","            } else {","                all_files = files;","                finish_scan();","            }","        }","    };","","    // If string is provided in files param, forgive them... create an array","    if (typeof files === 'string' && files.trim().length > 0) {","        files = files.trim().split(',').map(function(v) { return v.trim(); });","    }","","    // Do some parameter validation","    if (!__.isArray(files) || files.length <= 0) {","        if (__.isEmpty(this.settings.file_list)) {","            var err = new Error(\"No files provided to scan and no file list provided!\");","            return end_cb(err, [], []);","        }","","        fs.exists(this.settings.file_list, function(exists) {","            if (exists === false) {","                var err = new Error(\"No files provided and file list provided (\"+this.settings.file_list+\") could not be found!\");","                return end_cb(err, [], []);","            }","","            fs.readFile(self.settings.file_list, function(err, data) {","                if (err) {","                    return end_cb(err, [], []);","                }","                data = data.toString().split(os.EOL);","                return do_scan(data);","            });","        });","    } else {","        return do_scan(files);","    }","}","","// ****************************************************************************","// Scans an entire directory. Provides 3 params to end callback: Error, path","// scanned, and whether its infected or not. To scan multiple directories, pass","// them as an array to the scan_files method.","// -----","// NOTE: While possible, it is NOT advisable to use the file_cb parameter when","// using the clamscan binary. Doing so with clamdscan is okay, however. This","// method also allows for non-recursive scanning with the clamdscan binary.","// -----","// @param    String        path        The directory to scan files of","// @param    Function    end_cb        What to do when all files have been scanned","// @param   Function    file_cb     What to do after each file has been scanned","// ****************************************************************************","NodeClam.prototype.scan_dir = function(path, end_cb, file_cb) {","    var self = this;","","    path = path || '';","    end_cb = end_cb || null;","    file_cb = file_cb || null;","","    // Verify path provided is a string","    if (typeof path !== 'string' || path.length <= 0) {","        return end_cb(new Error(\"Invalid path provided! Path must be a string!\"));","    }","","    // Verify second param, if supplied, is a function","    if (end_cb && typeof end_cb !== 'function') {","        return end_cb(new Error(\"Invalid end-scan callback provided. Second paramter, if provided, must be a function!\"));","    }","","    // Trim trailing slash","    path = path.replace(/\\/$/, '');","","    if(this.settings.debug_mode)","        console.log(\"node-clam: Scanning Directory: \" + path);","","    // Get all files recursively","    if (this.settings.scan_recursively && typeof file_cb === 'function') {","        execFile('find', [path], function(err, stdout, stderr) {","            if (err || stderr) {","                if(this.settings.debug_mode === true)","                    console.error(stderr);","                return end_cb(err, path, null);","            } else {","                var files = stdout.split(\"\\n\").map(function(path) { return path.replace(/ /g,'\\\\ '); });","                self.scan_files(files, end_cb, file_cb);","            }","        });","    }","","    // Clamdscan always does recursive, so, here's a way to avoid that if you want...","    else if (this.settings.scan_recursively === false && this.scanner === 'clamdscan') {","        fs.readdir(path, function(err, files) {","            var good_files = [];","            (function get_file_stats() {","                if (files.length > 0) {","                    var file = files.pop();","\t\t\t\t\tfile = node_path.join(path, file);","                    fs.stat(file, function(err, info) {","                    \tif (!err) {","                            if (info.isFile()) {","                                good_files.push(file);","                            }","                        } else {","                            if (self.settings.debug_mode)","                                console.log(\"node-clam: Error scanning file in directory: \", err);","                        }","                        get_file_stats();","\t\t\t\t\t});","                } else {","                    self.scan_files(good_files, end_cb, file_cb);","                }","            })();","        });","    }","","    // If you don't care about individual file progress (which is very slow for clamscan but fine for clamdscan...)","    else if (this.settings.scan_recursively && typeof file_cb !== 'function') {","        if(this.settings.debug_mode === true)","            console.log('node-clam: Configured clam command: ' + this.settings[this.scanner].path + ' ' + this.build_clam_args(path).join(' '));","","        // Execute the clam binary with the proper flags","        execFile(this.settings[this.scanner].path, this.build_clam_args(path), function(err, stdout, stderr) {","            if (err || stderr) {","                if (err) {","                    if(err.hasOwnProperty('code') && err.code === 1) {","                        end_cb(null, [], [path]);","                    } else {","                        if(self.settings.debug_mode)","                            console.log(\"node-clam: \" + err);","                        end_cb(new Error(err), [], [path]);","                    }","                } else {","                    console.error(\"node-clam: \" + stderr);","                    end_cb(err, [], [path]);","                }","            } else {","                var result = stdout.trim();","","                if(result.match(/OK$/)) {","                    if(self.settings.debug_mode)","                        console.log(path + ' is OK!');","                    return end_cb(null, [path], []);","                } else {","                    if(self.settings.debug_mode)","                        console.log(path + ' is INFECTED!');","                    return end_cb(null, [], [path]);","                }","            }","        });","    }","}","","// *****************************************************************************","// Builds out the args to pass to execFile","// -----","// @param    String|Array    item        The file(s) / directory(ies) to append to the args","// @api        Private","// *****************************************************************************","NodeClam.prototype.build_clam_args = function (item) {","    var args = this.clam_flags.slice();","","    if (typeof item === 'string') {","        args.push(item);","    }","","    if ((item instanceof Array) === true) {","        args = args.concat(item);","    }","","    return args;","}","","module.exports = function(options) {","    return new NodeClam(options);","};","","// *****************************************************************************","// Builds out the flags based on the configuration the user provided","// -----","// @param    String    scanner        The scanner to use (clamscan or clamdscan)","// @param    Object    settings    The settings used to build the flags","// @return    String                The concatenated clamav flags","// @api        Private","// *****************************************************************************","function build_clam_flags(scanner, settings) {","    var flags_array = ['--no-summary'];","","    // Flags specific to clamscan","    if (scanner == 'clamscan') {","        flags_array.push('--stdout');","","        // Remove infected files","        if (settings.remove_infected === true) {","            flags_array.push('--remove=yes');","        } else {","            flags_array.push('--remove=no');","        }","        // Database file","        if (!__.isEmpty(settings.clamscan.db)) flags_array.push('--database=' + settings.clamscan.db);","        // Scan archives","        if (settings.clamscan.scan_archives === true) {","            flags_array.push('--scan-archive=yes');","        } else {","            flags_array.push('--scan-archive=no');","        }","        // Recursive scanning (flag is specific, feature is not)","        if (settings.scan_recursively === true) {","            flags_array.push('-r');","        } else {","            flags_array.push('--recursive=no');","        }","    }","","    // Flags specific to clamdscan","    else if (scanner == 'clamdscan') {","        flags_array.push('--fdpass');","","        // Remove infected files","        if (settings.remove_infected === true) flags_array.push('--remove');","        // Specify a config file","        if (!__.isEmpty(settings.clamdscan.config_file)) flags_array.push('--config-file=' + settings.clamdscan.config_file);","        // Turn on multi-threaded scanning","        if (settings.clamdscan.multiscan === true) flags_array.push('--multiscan');","        // Reload the virus DB","        if (settings.clamdscan.reload_db === true) flags_array.push('--reload');","    }","","    // ***************","    // Common flags","    // ***************","","    // Remove infected files","    if (settings.remove_infected !== true) {","        if (!__.isEmpty(settings.quarantine_infected))","            flags_array.push('--move=' + settings.quarantine_infected);","    }","    // Write info to a log","    if (!__.isEmpty(settings.scan_log)) flags_array.push('--log=' + settings.scan_log);","    // Read list of files to scan from a file","    if (!__.isEmpty(settings.file_list)) flags_array.push('--file-list=' + settings.file_list);","","","    // Build the String","    return flags_array;","}",""],"l":{"8":1,"9":1,"10":1,"11":1,"12":1,"13":1,"14":1,"15":1,"22":1,"23":0,"25":0,"28":0,"51":0,"54":0,"55":0,"56":0,"58":0,"59":0,"60":0,"62":0,"65":0,"66":0,"70":0,"71":0,"72":0,"74":0,"75":0,"79":0,"81":0,"82":0,"83":0,"84":0,"86":0,"91":0,"92":0,"93":0,"94":0,"96":0,"97":0,"101":0,"102":0,"103":0,"104":0,"105":0,"109":0,"110":0,"111":0,"112":0,"113":0,"114":0,"119":0,"132":1,"133":0,"134":0,"135":0,"136":0,"138":0,"141":0,"146":0,"147":0,"148":0,"149":0,"151":0,"154":0,"155":0,"156":0,"157":0,"159":0,"161":0,"172":1,"173":0,"174":0,"175":0,"176":0,"178":0,"181":0,"190":0,"191":0,"192":0,"194":0,"197":0,"206":1,"208":0,"209":0,"213":0,"214":0,"215":0,"216":0,"218":0,"222":0,"224":0,"225":0,"226":0,"230":0,"231":0,"232":0,"233":0,"234":0,"236":0,"237":0,"238":0,"241":0,"242":0,"245":0,"247":0,"248":0,"249":0,"252":0,"253":0,"254":0,"255":0,"257":0,"258":0,"259":0,"273":1,"274":0,"275":0,"276":0,"278":0,"279":0,"280":0,"281":0,"282":0,"285":0,"286":0,"290":0,"291":0,"295":0,"296":0,"299":0,"302":0,"303":0,"304":0,"306":0,"309":0,"310":0,"311":0,"313":0,"315":0,"316":0,"318":0,"322":0,"323":0,"324":0,"328":0,"329":0,"331":0,"332":0,"336":0,"337":0,"338":0,"339":0,"340":0,"342":0,"343":0,"345":0,"346":0,"347":0,"348":0,"351":0,"353":0,"354":0,"355":0,"356":0,"357":0,"358":0,"359":0,"361":0,"366":0,"374":0,"376":0,"378":0,"381":0,"382":0,"385":0,"386":0,"390":0,"391":0,"394":0,"395":0,"396":0,"398":0,"399":0,"400":0,"401":0,"402":0,"405":0,"406":0,"407":0,"408":0,"409":0,"411":0,"414":0,"418":0,"422":0,"423":0,"424":0,"425":0,"426":0,"427":0,"428":0,"429":0,"432":0,"434":0,"437":0,"441":0,"442":0,"448":0,"449":0,"453":0,"454":0,"455":0,"456":0,"459":0,"460":0,"461":0,"462":0,"465":0,"466":0,"467":0,"469":0,"470":0,"474":0,"491":1,"492":0,"494":0,"495":0,"496":0,"499":0,"500":0,"504":0,"505":0,"509":0,"511":0,"512":0,"515":0,"516":0,"517":0,"518":0,"519":0,"520":0,"522":0,"523":0,"529":0,"530":0,"531":0,"532":0,"533":0,"534":0,"535":0,"536":0,"537":0,"538":0,"539":0,"542":0,"543":0,"545":0,"548":0,"555":0,"556":0,"557":0,"560":0,"561":0,"562":0,"563":0,"564":0,"566":0,"567":0,"568":0,"571":0,"572":0,"575":0,"577":0,"578":0,"579":0,"580":0,"582":0,"583":0,"584":0,"597":1,"598":0,"600":0,"601":0,"604":0,"605":0,"608":0,"611":1,"612":0,"623":1,"624":0,"627":0,"628":0,"631":0,"632":0,"634":0,"637":0,"639":0,"640":0,"642":0,"645":0,"646":0,"648":0,"653":0,"654":0,"657":0,"659":0,"661":0,"663":0,"671":0,"672":0,"673":0,"676":0,"678":0,"682":0}}}